2026-04-07 09:55:44.163 - INFO: [1mQLever server v0.5.45-233-g0480d959, compiled on Wed Mar 25 02:37:35 PM CET 2026 using git hash 0480d9[22m
2026-04-07 09:55:44.163 - INFO: Initializing server ...
2026-04-07 09:55:44.164 - INFO: The git hash used to build this index was "8c99fe"
2026-04-07 09:55:44.164 - INFO: Reading vocabulary from file /home/userNoPriv/code/qlever/qlever-indices/dblp/dblp.vocabulary.words ...
2026-04-07 09:55:44.171 - INFO: Done, number of words: 409,446,926
2026-04-07 09:55:44.171 - INFO: Number of words in internal vocabulary (these are also part of the external vocabulary): 409,457
2026-04-07 09:55:44.175 - INFO: Registered PSO permutation: #relations = 6, #blocks = 7,515, #triples = 234,800,838
2026-04-07 09:55:44.193 - INFO: Registered PSO permutation: #relations = 96, #blocks = 46,913, #triples = 1,464,719,701
2026-04-07 09:55:44.195 - INFO: Registered POS permutation: #relations = 6, #blocks = 7,515, #triples = 234,800,838
2026-04-07 09:55:44.213 - INFO: Registered POS permutation: #relations = 96, #blocks = 46,913, #triples = 1,464,719,701
2026-04-07 09:55:44.227 - INFO: Registered OPS permutation: #relations = 318,850,904, #blocks = 39,014, #triples = 1,464,719,701
2026-04-07 09:55:44.241 - INFO: Registered OSP permutation: #relations = 318,850,904, #blocks = 39,014, #triples = 1,464,719,701
2026-04-07 09:55:44.251 - INFO: Registered SPO permutation: #relations = 234,800,427, #blocks = 31,251, #triples = 1,464,719,701
2026-04-07 09:55:44.258 - INFO: Registered SOP permutation: #relations = 234,800,427, #blocks = 31,251, #triples = 1,464,719,701
2026-04-07 09:55:44.259 - INFO: Reading patterns from file /home/userNoPriv/code/qlever/qlever-indices/dblp/dblp.index.patterns ...
2026-04-07 09:55:44.259 - INFO: Sorting random result tables to estimate the sorting performance of this machine ...
2026-04-07 09:55:51.416 - INFO: Access token for restricted API calls is ""
2026-04-07 09:55:51.416 - INFO: The server is ready, listening for requests on port 7001 ...
2026-04-07 09:55:54.165 - INFO: 
2026-04-07 09:55:54.165 - INFO: Request received via POST, content type "application/sparql-query"
2026-04-07 09:55:54.168 - INFO: Processing the following SPARQL query:
CONSTRUCT { ?s ?p ?o } WHERE { ?s ?p ?o } LIMIT 10000
2026-04-07 09:55:54.168 - INFO: Requested media types of the result are: "text/csv"
2026-04-07 09:55:54.168 - INFO: Query planning done in 3 ms
2026-04-07 09:55:54.174 - INFO: Result has unknown size (not computed yet)
2026-04-07 09:55:54.192 - INFO: Done processing query and sending result, total time was 27 ms
