2026-04-07 09:54:33.406 - INFO: [1mQLever server v0.5.45-35-gaf00534d, compiled on Fri Mar 27 02:21:17 PM CET 2026 using git hash af0053[22m
2026-04-07 09:54:33.407 - INFO: Initializing server ...
2026-04-07 09:54:33.407 - INFO: The git hash used to build this index was "8c99fe"
2026-04-07 09:54:33.407 - INFO: Reading vocabulary from file /home/userNoPriv/code/qlever/qlever-indices/dblp/dblp.vocabulary.words ...
2026-04-07 09:54:33.413 - INFO: Done, number of words: 409,446,926
2026-04-07 09:54:33.413 - INFO: Number of words in internal vocabulary (these are also part of the external vocabulary): 409,457
2026-04-07 09:54:33.417 - INFO: Registered PSO permutation: #relations = 6, #blocks = 7,515, #triples = 234,800,838
2026-04-07 09:54:33.434 - INFO: Registered PSO permutation: #relations = 96, #blocks = 46,913, #triples = 1,464,719,701
2026-04-07 09:54:33.436 - INFO: Registered POS permutation: #relations = 6, #blocks = 7,515, #triples = 234,800,838
2026-04-07 09:54:33.452 - INFO: Registered POS permutation: #relations = 96, #blocks = 46,913, #triples = 1,464,719,701
2026-04-07 09:54:33.466 - INFO: Registered OPS permutation: #relations = 318,850,904, #blocks = 39,014, #triples = 1,464,719,701
2026-04-07 09:54:33.479 - INFO: Registered OSP permutation: #relations = 318,850,904, #blocks = 39,014, #triples = 1,464,719,701
2026-04-07 09:54:33.489 - INFO: Registered SPO permutation: #relations = 234,800,427, #blocks = 31,251, #triples = 1,464,719,701
2026-04-07 09:54:33.496 - INFO: Registered SOP permutation: #relations = 234,800,427, #blocks = 31,251, #triples = 1,464,719,701
2026-04-07 09:54:33.496 - INFO: Reading patterns from file /home/userNoPriv/code/qlever/qlever-indices/dblp/dblp.index.patterns ...
2026-04-07 09:54:33.496 - INFO: Sorting random result tables to estimate the sorting performance of this machine ...
2026-04-07 09:54:40.727 - INFO: Access token for restricted API calls is ""
2026-04-07 09:54:40.727 - INFO: The server is ready, listening for requests on port 7001 ...
2026-04-07 09:54:43.408 - INFO: 
2026-04-07 09:54:43.409 - INFO: Request received via POST, content type "application/sparql-query"
2026-04-07 09:54:43.411 - INFO: Processing the following SPARQL query:
CONSTRUCT { ?s ?p ?o } WHERE { ?s ?p ?o } LIMIT 10000
2026-04-07 09:54:43.411 - INFO: Requested media types of the result are: "text/csv"
2026-04-07 09:54:43.411 - INFO: Query planning done in 2 ms
2026-04-07 09:54:43.417 - INFO: Result has unknown size (not computed yet)
2026-04-07 09:54:43.457 - INFO: Done processing query and sending result, total time was 48 ms
