2026-04-07 11:18:24.541 - INFO: [1mQLever server v0.5.45-35-gaf00534d, compiled on Fri Mar 27 02:21:17 PM CET 2026 using git hash af0053[22m
2026-04-07 11:18:24.542 - INFO: Initializing server ...
2026-04-07 11:18:24.542 - INFO: The git hash used to build this index was "8c99fe"
2026-04-07 11:18:24.542 - INFO: Reading vocabulary from file /home/userNoPriv/code/qlever/qlever-indices/dblp/dblp.vocabulary.words ...
2026-04-07 11:18:24.548 - INFO: Done, number of words: 409,446,926
2026-04-07 11:18:24.548 - INFO: Number of words in internal vocabulary (these are also part of the external vocabulary): 409,457
2026-04-07 11:18:24.552 - INFO: Registered PSO permutation: #relations = 6, #blocks = 7,515, #triples = 234,800,838
2026-04-07 11:18:24.568 - INFO: Registered PSO permutation: #relations = 96, #blocks = 46,913, #triples = 1,464,719,701
2026-04-07 11:18:24.570 - INFO: Registered POS permutation: #relations = 6, #blocks = 7,515, #triples = 234,800,838
2026-04-07 11:18:24.587 - INFO: Registered POS permutation: #relations = 96, #blocks = 46,913, #triples = 1,464,719,701
2026-04-07 11:18:24.601 - INFO: Registered OPS permutation: #relations = 318,850,904, #blocks = 39,014, #triples = 1,464,719,701
2026-04-07 11:18:24.615 - INFO: Registered OSP permutation: #relations = 318,850,904, #blocks = 39,014, #triples = 1,464,719,701
2026-04-07 11:18:24.625 - INFO: Registered SPO permutation: #relations = 234,800,427, #blocks = 31,251, #triples = 1,464,719,701
2026-04-07 11:18:24.632 - INFO: Registered SOP permutation: #relations = 234,800,427, #blocks = 31,251, #triples = 1,464,719,701
2026-04-07 11:18:24.632 - INFO: Reading patterns from file /home/userNoPriv/code/qlever/qlever-indices/dblp/dblp.index.patterns ...
2026-04-07 11:18:24.632 - INFO: Sorting random result tables to estimate the sorting performance of this machine ...
2026-04-07 11:18:31.823 - INFO: Access token for restricted API calls is ""
2026-04-07 11:18:31.823 - INFO: The server is ready, listening for requests on port 7001 ...
2026-04-07 11:18:34.544 - INFO: 
2026-04-07 11:18:34.544 - INFO: Request received via POST, content type "application/sparql-query"
2026-04-07 11:18:34.546 - INFO: Processing the following SPARQL query:
SELECT ?s ?p ?o WHERE { ?s ?p ?o } LIMIT 100000
2026-04-07 11:18:34.546 - INFO: Requested media types of the result are: "application/qlever-results+json"
2026-04-07 11:18:34.546 - INFO: Query planning done in 2 ms
2026-04-07 11:18:34.552 - INFO: Result has unknown size (not computed yet)
2026-04-07 11:18:34.833 - INFO: Done processing query and sending result, total time was 289 ms
