2026-04-07 11:29:18.033 - INFO: [1mQLever server v0.5.45-35-gaf00534d, compiled on Fri Mar 27 02:21:17 PM CET 2026 using git hash af0053[22m
2026-04-07 11:29:18.033 - INFO: Initializing server ...
2026-04-07 11:29:18.034 - INFO: The git hash used to build this index was "8c99fe"
2026-04-07 11:29:18.034 - INFO: Reading vocabulary from file /home/userNoPriv/code/qlever/qlever-indices/dblp/dblp.vocabulary.words ...
2026-04-07 11:29:18.040 - INFO: Done, number of words: 409,446,926
2026-04-07 11:29:18.040 - INFO: Number of words in internal vocabulary (these are also part of the external vocabulary): 409,457
2026-04-07 11:29:18.043 - INFO: Registered PSO permutation: #relations = 6, #blocks = 7,515, #triples = 234,800,838
2026-04-07 11:29:18.060 - INFO: Registered PSO permutation: #relations = 96, #blocks = 46,913, #triples = 1,464,719,701
2026-04-07 11:29:18.062 - INFO: Registered POS permutation: #relations = 6, #blocks = 7,515, #triples = 234,800,838
2026-04-07 11:29:18.079 - INFO: Registered POS permutation: #relations = 96, #blocks = 46,913, #triples = 1,464,719,701
2026-04-07 11:29:18.092 - INFO: Registered OPS permutation: #relations = 318,850,904, #blocks = 39,014, #triples = 1,464,719,701
2026-04-07 11:29:18.106 - INFO: Registered OSP permutation: #relations = 318,850,904, #blocks = 39,014, #triples = 1,464,719,701
2026-04-07 11:29:18.115 - INFO: Registered SPO permutation: #relations = 234,800,427, #blocks = 31,251, #triples = 1,464,719,701
2026-04-07 11:29:18.123 - INFO: Registered SOP permutation: #relations = 234,800,427, #blocks = 31,251, #triples = 1,464,719,701
2026-04-07 11:29:18.123 - INFO: Reading patterns from file /home/userNoPriv/code/qlever/qlever-indices/dblp/dblp.index.patterns ...
2026-04-07 11:29:18.123 - INFO: Sorting random result tables to estimate the sorting performance of this machine ...
2026-04-07 11:29:25.309 - INFO: Access token for restricted API calls is ""
2026-04-07 11:29:25.309 - INFO: The server is ready, listening for requests on port 7001 ...
2026-04-07 11:29:28.035 - INFO: 
2026-04-07 11:29:28.035 - INFO: Request received via POST, content type "application/sparql-query"
2026-04-07 11:29:28.037 - INFO: Processing the following SPARQL query:
CONSTRUCT { ?s ?p ?o } WHERE { ?s ?p ?o } LIMIT 10000000
2026-04-07 11:29:28.037 - INFO: Requested media types of the result are: "application/qlever-results+json"
2026-04-07 11:29:28.038 - INFO: Query planning done in 2 ms
2026-04-07 11:29:28.043 - INFO: Result has unknown size (not computed yet)
2026-04-07 11:29:56.185 - INFO: Done processing query and sending result, total time was 28,150 ms
