2026-04-07 11:21:25.208 - INFO: [1mQLever server v0.5.45-35-gaf00534d, compiled on Fri Mar 27 02:21:17 PM CET 2026 using git hash af0053[22m
2026-04-07 11:21:25.209 - INFO: Initializing server ...
2026-04-07 11:21:25.209 - INFO: The git hash used to build this index was "8c99fe"
2026-04-07 11:21:25.209 - INFO: Reading vocabulary from file /home/userNoPriv/code/qlever/qlever-indices/dblp/dblp.vocabulary.words ...
2026-04-07 11:21:25.216 - INFO: Done, number of words: 409,446,926
2026-04-07 11:21:25.216 - INFO: Number of words in internal vocabulary (these are also part of the external vocabulary): 409,457
2026-04-07 11:21:25.219 - INFO: Registered PSO permutation: #relations = 6, #blocks = 7,515, #triples = 234,800,838
2026-04-07 11:21:25.237 - INFO: Registered PSO permutation: #relations = 96, #blocks = 46,913, #triples = 1,464,719,701
2026-04-07 11:21:25.238 - INFO: Registered POS permutation: #relations = 6, #blocks = 7,515, #triples = 234,800,838
2026-04-07 11:21:25.257 - INFO: Registered POS permutation: #relations = 96, #blocks = 46,913, #triples = 1,464,719,701
2026-04-07 11:21:25.273 - INFO: Registered OPS permutation: #relations = 318,850,904, #blocks = 39,014, #triples = 1,464,719,701
2026-04-07 11:21:25.288 - INFO: Registered OSP permutation: #relations = 318,850,904, #blocks = 39,014, #triples = 1,464,719,701
2026-04-07 11:21:25.297 - INFO: Registered SPO permutation: #relations = 234,800,427, #blocks = 31,251, #triples = 1,464,719,701
2026-04-07 11:21:25.305 - INFO: Registered SOP permutation: #relations = 234,800,427, #blocks = 31,251, #triples = 1,464,719,701
2026-04-07 11:21:25.306 - INFO: Reading patterns from file /home/userNoPriv/code/qlever/qlever-indices/dblp/dblp.index.patterns ...
2026-04-07 11:21:25.306 - INFO: Sorting random result tables to estimate the sorting performance of this machine ...
2026-04-07 11:21:32.673 - INFO: Access token for restricted API calls is ""
2026-04-07 11:21:32.673 - INFO: The server is ready, listening for requests on port 7001 ...
2026-04-07 11:21:35.210 - INFO: 
2026-04-07 11:21:35.210 - INFO: Request received via POST, content type "application/sparql-query"
2026-04-07 11:21:35.212 - INFO: Processing the following SPARQL query:
SELECT ?s ?p ?o WHERE { ?s ?p ?o } LIMIT 1000000
2026-04-07 11:21:35.212 - INFO: Requested media types of the result are: "application/qlever-results+json"
2026-04-07 11:21:35.212 - INFO: Query planning done in 2 ms
2026-04-07 11:21:35.218 - INFO: Result has unknown size (not computed yet)
2026-04-07 11:21:37.862 - INFO: Done processing query and sending result, total time was 2,651 ms
