2026-04-07 11:45:07.781 - INFO: [1mQLever server v0.5.45-233-g0480d959, compiled on Wed Mar 25 02:37:35 PM CET 2026 using git hash 0480d9[22m
2026-04-07 11:45:07.782 - INFO: Initializing server ...
2026-04-07 11:45:07.782 - INFO: The git hash used to build this index was "8c99fe"
2026-04-07 11:45:07.782 - INFO: Reading vocabulary from file /home/userNoPriv/code/qlever/qlever-indices/dblp/dblp.vocabulary.words ...
2026-04-07 11:45:07.789 - INFO: Done, number of words: 409,446,926
2026-04-07 11:45:07.789 - INFO: Number of words in internal vocabulary (these are also part of the external vocabulary): 409,457
2026-04-07 11:45:07.792 - INFO: Registered PSO permutation: #relations = 6, #blocks = 7,515, #triples = 234,800,838
2026-04-07 11:45:07.811 - INFO: Registered PSO permutation: #relations = 96, #blocks = 46,913, #triples = 1,464,719,701
2026-04-07 11:45:07.813 - INFO: Registered POS permutation: #relations = 6, #blocks = 7,515, #triples = 234,800,838
2026-04-07 11:45:07.831 - INFO: Registered POS permutation: #relations = 96, #blocks = 46,913, #triples = 1,464,719,701
2026-04-07 11:45:07.846 - INFO: Registered OPS permutation: #relations = 318,850,904, #blocks = 39,014, #triples = 1,464,719,701
2026-04-07 11:45:07.862 - INFO: Registered OSP permutation: #relations = 318,850,904, #blocks = 39,014, #triples = 1,464,719,701
2026-04-07 11:45:07.871 - INFO: Registered SPO permutation: #relations = 234,800,427, #blocks = 31,251, #triples = 1,464,719,701
2026-04-07 11:45:07.879 - INFO: Registered SOP permutation: #relations = 234,800,427, #blocks = 31,251, #triples = 1,464,719,701
2026-04-07 11:45:07.879 - INFO: Reading patterns from file /home/userNoPriv/code/qlever/qlever-indices/dblp/dblp.index.patterns ...
2026-04-07 11:45:07.879 - INFO: Sorting random result tables to estimate the sorting performance of this machine ...
2026-04-07 11:45:15.150 - INFO: Access token for restricted API calls is ""
2026-04-07 11:45:15.150 - INFO: The server is ready, listening for requests on port 7001 ...
2026-04-07 11:45:17.782 - INFO: 
2026-04-07 11:45:17.782 - INFO: Request received via POST, content type "application/sparql-query"
2026-04-07 11:45:17.785 - INFO: Processing the following SPARQL query:
CONSTRUCT { ?s ?p ?o } WHERE { ?s ?p ?o } LIMIT 10000000
2026-04-07 11:45:17.785 - INFO: Requested media types of the result are: "text/turtle"
2026-04-07 11:45:17.785 - INFO: Query planning done in 2 ms
2026-04-07 11:45:17.791 - INFO: Result has unknown size (not computed yet)
2026-04-07 11:45:23.639 - INFO: Done processing query and sending result, total time was 5,856 ms
