2026-04-07 11:31:51.823 - INFO: [1mQLever server v0.5.45-233-g0480d959, compiled on Wed Mar 25 02:37:35 PM CET 2026 using git hash 0480d9[22m
2026-04-07 11:31:51.823 - INFO: Initializing server ...
2026-04-07 11:31:51.823 - INFO: The git hash used to build this index was "8c99fe"
2026-04-07 11:31:51.823 - INFO: Reading vocabulary from file /home/userNoPriv/code/qlever/qlever-indices/dblp/dblp.vocabulary.words ...
2026-04-07 11:31:51.830 - INFO: Done, number of words: 409,446,926
2026-04-07 11:31:51.830 - INFO: Number of words in internal vocabulary (these are also part of the external vocabulary): 409,457
2026-04-07 11:31:51.833 - INFO: Registered PSO permutation: #relations = 6, #blocks = 7,515, #triples = 234,800,838
2026-04-07 11:31:51.851 - INFO: Registered PSO permutation: #relations = 96, #blocks = 46,913, #triples = 1,464,719,701
2026-04-07 11:31:51.852 - INFO: Registered POS permutation: #relations = 6, #blocks = 7,515, #triples = 234,800,838
2026-04-07 11:31:51.870 - INFO: Registered POS permutation: #relations = 96, #blocks = 46,913, #triples = 1,464,719,701
2026-04-07 11:31:51.883 - INFO: Registered OPS permutation: #relations = 318,850,904, #blocks = 39,014, #triples = 1,464,719,701
2026-04-07 11:31:51.897 - INFO: Registered OSP permutation: #relations = 318,850,904, #blocks = 39,014, #triples = 1,464,719,701
2026-04-07 11:31:51.907 - INFO: Registered SPO permutation: #relations = 234,800,427, #blocks = 31,251, #triples = 1,464,719,701
2026-04-07 11:31:51.914 - INFO: Registered SOP permutation: #relations = 234,800,427, #blocks = 31,251, #triples = 1,464,719,701
2026-04-07 11:31:51.914 - INFO: Reading patterns from file /home/userNoPriv/code/qlever/qlever-indices/dblp/dblp.index.patterns ...
2026-04-07 11:31:51.915 - INFO: Sorting random result tables to estimate the sorting performance of this machine ...
2026-04-07 11:31:59.097 - INFO: Access token for restricted API calls is ""
2026-04-07 11:31:59.097 - INFO: The server is ready, listening for requests on port 7001 ...
2026-04-07 11:32:01.824 - INFO: 
2026-04-07 11:32:01.824 - INFO: Request received via POST, content type "application/sparql-query"
2026-04-07 11:32:01.826 - INFO: Processing the following SPARQL query:
CONSTRUCT { ?s ?p ?o } WHERE { ?s ?p ?o } LIMIT 10000000
2026-04-07 11:32:01.827 - INFO: Requested media types of the result are: "application/qlever-results+json"
2026-04-07 11:32:01.827 - INFO: Query planning done in 2 ms
2026-04-07 11:32:01.833 - INFO: Result has unknown size (not computed yet)
2026-04-07 11:32:12.303 - INFO: Done processing query and sending result, total time was 10,478 ms
