2026-04-09 10:31:12.599 - INFO: [1mQLever server, compiled on Thu Apr  9 09:52:10 AM CEST 2026 using git hash a5e4bf[22m
2026-04-09 10:31:12.600 - INFO: Initializing server ...
2026-04-09 10:31:12.600 - INFO: The git hash used to build this index was "8c99fe"
2026-04-09 10:31:12.600 - INFO: Reading vocabulary from file /home/userNoPriv/code/qlever/qlever-indices/dblp/dblp.vocabulary.words ...
2026-04-09 10:31:12.615 - INFO: Done, number of words: 409,446,926
2026-04-09 10:31:12.615 - INFO: Number of words in internal vocabulary (these are also part of the external vocabulary): 409,457
2026-04-09 10:31:12.635 - INFO: Registered PSO permutation: #relations = 6, #blocks = 7,515, #triples = 234,800,838
2026-04-09 10:31:12.658 - INFO: Registered PSO permutation: #relations = 96, #blocks = 46,913, #triples = 1,464,719,701
2026-04-09 10:31:12.662 - INFO: Registered POS permutation: #relations = 6, #blocks = 7,515, #triples = 234,800,838
2026-04-09 10:31:12.685 - INFO: Registered POS permutation: #relations = 96, #blocks = 46,913, #triples = 1,464,719,701
2026-04-09 10:31:12.704 - INFO: Registered OPS permutation: #relations = 318,850,904, #blocks = 39,014, #triples = 1,464,719,701
2026-04-09 10:31:12.723 - INFO: Registered OSP permutation: #relations = 318,850,904, #blocks = 39,014, #triples = 1,464,719,701
2026-04-09 10:31:12.736 - INFO: Registered SPO permutation: #relations = 234,800,427, #blocks = 31,251, #triples = 1,464,719,701
2026-04-09 10:31:12.748 - INFO: Registered SOP permutation: #relations = 234,800,427, #blocks = 31,251, #triples = 1,464,719,701
2026-04-09 10:31:12.748 - INFO: Reading patterns from file /home/userNoPriv/code/qlever/qlever-indices/dblp/dblp.index.patterns ...
2026-04-09 10:31:12.748 - INFO: Sorting random result tables to estimate the sorting performance of this machine ...
2026-04-09 10:31:19.972 - INFO: Access token for restricted API calls is ""
2026-04-09 10:31:19.972 - INFO: The server is ready, listening for requests on port 7001 ...
2026-04-09 10:31:22.601 - INFO: 
2026-04-09 10:31:22.601 - INFO: Request received via POST, content type "application/sparql-query"
2026-04-09 10:31:22.603 - INFO: Processing the following SPARQL query:
CONSTRUCT { ?s ?p ?o } WHERE { ?s ?p ?o } LIMIT 1000000
2026-04-09 10:31:22.603 - INFO: Requested media types of the result are: "text/csv"
2026-04-09 10:31:22.606 - INFO: Query planning done in 4 ms
2026-04-09 10:31:22.612 - INFO: Result has unknown size (not computed yet)
2026-04-09 10:31:26.724 - INFO: Done processing query and sending result, total time was 4,122 ms
