2026-04-09 10:27:47.383 - INFO: [1mQLever server, compiled on Thu Apr  9 09:52:10 AM CEST 2026 using git hash a5e4bf[22m
2026-04-09 10:27:47.383 - INFO: Initializing server ...
2026-04-09 10:27:47.384 - INFO: The git hash used to build this index was "8c99fe"
2026-04-09 10:27:47.384 - INFO: Reading vocabulary from file /home/userNoPriv/code/qlever/qlever-indices/dblp/dblp.vocabulary.words ...
2026-04-09 10:27:47.398 - INFO: Done, number of words: 409,446,926
2026-04-09 10:27:47.398 - INFO: Number of words in internal vocabulary (these are also part of the external vocabulary): 409,457
2026-04-09 10:27:47.417 - INFO: Registered PSO permutation: #relations = 6, #blocks = 7,515, #triples = 234,800,838
2026-04-09 10:27:47.440 - INFO: Registered PSO permutation: #relations = 96, #blocks = 46,913, #triples = 1,464,719,701
2026-04-09 10:27:47.444 - INFO: Registered POS permutation: #relations = 6, #blocks = 7,515, #triples = 234,800,838
2026-04-09 10:27:47.466 - INFO: Registered POS permutation: #relations = 96, #blocks = 46,913, #triples = 1,464,719,701
2026-04-09 10:27:47.485 - INFO: Registered OPS permutation: #relations = 318,850,904, #blocks = 39,014, #triples = 1,464,719,701
2026-04-09 10:27:47.504 - INFO: Registered OSP permutation: #relations = 318,850,904, #blocks = 39,014, #triples = 1,464,719,701
2026-04-09 10:27:47.517 - INFO: Registered SPO permutation: #relations = 234,800,427, #blocks = 31,251, #triples = 1,464,719,701
2026-04-09 10:27:47.529 - INFO: Registered SOP permutation: #relations = 234,800,427, #blocks = 31,251, #triples = 1,464,719,701
2026-04-09 10:27:47.529 - INFO: Reading patterns from file /home/userNoPriv/code/qlever/qlever-indices/dblp/dblp.index.patterns ...
2026-04-09 10:27:47.529 - INFO: Sorting random result tables to estimate the sorting performance of this machine ...
2026-04-09 10:27:54.634 - INFO: Access token for restricted API calls is ""
2026-04-09 10:27:54.634 - INFO: The server is ready, listening for requests on port 7001 ...
2026-04-09 10:27:57.383 - INFO: 
2026-04-09 10:27:57.383 - INFO: Request received via POST, content type "application/sparql-query"
2026-04-09 10:27:57.386 - INFO: Processing the following SPARQL query:
CONSTRUCT { ?s ?p ?o } WHERE { ?s ?p ?o } LIMIT 10000
2026-04-09 10:27:57.386 - INFO: Requested media types of the result are: "text/csv"
2026-04-09 10:27:57.389 - INFO: Query planning done in 5 ms
2026-04-09 10:27:57.395 - INFO: Result has unknown size (not computed yet)
2026-04-09 10:27:57.520 - INFO: Done processing query and sending result, total time was 136 ms
