2026-04-07 20:30:35.939 - INFO: [1mQLever server v0.5.45-35-gaf00534d, compiled on Fri Mar 27 02:21:17 PM CET 2026 using git hash af0053[22m
2026-04-07 20:30:35.940 - INFO: Initializing server ...
2026-04-07 20:30:35.940 - INFO: The git hash used to build this index was "8c99fe"
2026-04-07 20:30:35.940 - INFO: Reading vocabulary from file /home/userNoPriv/code/qlever/qlever-indices/dblp/dblp.vocabulary.words ...
2026-04-07 20:30:35.954 - INFO: Done, number of words: 409,446,926
2026-04-07 20:30:35.954 - INFO: Number of words in internal vocabulary (these are also part of the external vocabulary): 409,457
2026-04-07 20:30:35.975 - INFO: Registered PSO permutation: #relations = 6, #blocks = 7,515, #triples = 234,800,838
2026-04-07 20:30:35.999 - INFO: Registered PSO permutation: #relations = 96, #blocks = 46,913, #triples = 1,464,719,701
2026-04-07 20:30:36.002 - INFO: Registered POS permutation: #relations = 6, #blocks = 7,515, #triples = 234,800,838
2026-04-07 20:30:36.025 - INFO: Registered POS permutation: #relations = 96, #blocks = 46,913, #triples = 1,464,719,701
2026-04-07 20:30:36.044 - INFO: Registered OPS permutation: #relations = 318,850,904, #blocks = 39,014, #triples = 1,464,719,701
2026-04-07 20:30:36.063 - INFO: Registered OSP permutation: #relations = 318,850,904, #blocks = 39,014, #triples = 1,464,719,701
2026-04-07 20:30:36.076 - INFO: Registered SPO permutation: #relations = 234,800,427, #blocks = 31,251, #triples = 1,464,719,701
2026-04-07 20:30:36.087 - INFO: Registered SOP permutation: #relations = 234,800,427, #blocks = 31,251, #triples = 1,464,719,701
2026-04-07 20:30:36.087 - INFO: Reading patterns from file /home/userNoPriv/code/qlever/qlever-indices/dblp/dblp.index.patterns ...
2026-04-07 20:30:36.088 - INFO: Sorting random result tables to estimate the sorting performance of this machine ...
2026-04-07 20:30:43.392 - INFO: Access token for restricted API calls is ""
2026-04-07 20:30:43.392 - INFO: The server is ready, listening for requests on port 7001 ...
2026-04-07 20:30:45.941 - INFO: 
2026-04-07 20:30:45.941 - INFO: Request received via POST, content type "application/sparql-query"
2026-04-07 20:30:45.943 - INFO: Processing the following SPARQL query:
CONSTRUCT { ?s ?p ?o } WHERE { ?s ?p ?o } LIMIT 1000000
2026-04-07 20:30:45.944 - INFO: Requested media types of the result are: "text/csv"
2026-04-07 20:30:45.944 - INFO: Query planning done in 2 ms
2026-04-07 20:30:45.950 - INFO: Result has unknown size (not computed yet)
2026-04-07 20:30:49.878 - INFO: Done processing query and sending result, total time was 3,936 ms
