2026-04-09 10:29:34.781 - INFO: [1mQLever server, compiled on Thu Apr  9 09:52:10 AM CEST 2026 using git hash a5e4bf[22m
2026-04-09 10:29:34.781 - INFO: Initializing server ...
2026-04-09 10:29:34.782 - INFO: The git hash used to build this index was "8c99fe"
2026-04-09 10:29:34.782 - INFO: Reading vocabulary from file /home/userNoPriv/code/qlever/qlever-indices/dblp/dblp.vocabulary.words ...
2026-04-09 10:29:34.797 - INFO: Done, number of words: 409,446,926
2026-04-09 10:29:34.797 - INFO: Number of words in internal vocabulary (these are also part of the external vocabulary): 409,457
2026-04-09 10:29:34.819 - INFO: Registered PSO permutation: #relations = 6, #blocks = 7,515, #triples = 234,800,838
2026-04-09 10:29:34.843 - INFO: Registered PSO permutation: #relations = 96, #blocks = 46,913, #triples = 1,464,719,701
2026-04-09 10:29:34.846 - INFO: Registered POS permutation: #relations = 6, #blocks = 7,515, #triples = 234,800,838
2026-04-09 10:29:34.873 - INFO: Registered POS permutation: #relations = 96, #blocks = 46,913, #triples = 1,464,719,701
2026-04-09 10:29:34.896 - INFO: Registered OPS permutation: #relations = 318,850,904, #blocks = 39,014, #triples = 1,464,719,701
2026-04-09 10:29:34.916 - INFO: Registered OSP permutation: #relations = 318,850,904, #blocks = 39,014, #triples = 1,464,719,701
2026-04-09 10:29:34.929 - INFO: Registered SPO permutation: #relations = 234,800,427, #blocks = 31,251, #triples = 1,464,719,701
2026-04-09 10:29:34.940 - INFO: Registered SOP permutation: #relations = 234,800,427, #blocks = 31,251, #triples = 1,464,719,701
2026-04-09 10:29:34.940 - INFO: Reading patterns from file /home/userNoPriv/code/qlever/qlever-indices/dblp/dblp.index.patterns ...
2026-04-09 10:29:34.941 - INFO: Sorting random result tables to estimate the sorting performance of this machine ...
2026-04-09 10:29:42.094 - INFO: Access token for restricted API calls is ""
2026-04-09 10:29:42.094 - INFO: The server is ready, listening for requests on port 7001 ...
2026-04-09 10:29:44.783 - INFO: 
2026-04-09 10:29:44.783 - INFO: Request received via POST, content type "application/sparql-query"
2026-04-09 10:29:44.785 - INFO: Processing the following SPARQL query:
CONSTRUCT { ?s ?p ?o } WHERE { ?s ?p ?o } LIMIT 100000
2026-04-09 10:29:44.785 - INFO: Requested media types of the result are: "text/csv"
2026-04-09 10:29:44.788 - INFO: Query planning done in 5 ms
2026-04-09 10:29:44.793 - INFO: Result has unknown size (not computed yet)
2026-04-09 10:29:45.497 - INFO: Done processing query and sending result, total time was 714 ms
