2026-04-07 20:28:11.304 - INFO: [1mQLever server v0.5.45-35-gaf00534d, compiled on Fri Mar 27 02:21:17 PM CET 2026 using git hash af0053[22m
2026-04-07 20:28:11.305 - INFO: Initializing server ...
2026-04-07 20:28:11.305 - INFO: The git hash used to build this index was "8c99fe"
2026-04-07 20:28:11.305 - INFO: Reading vocabulary from file /home/userNoPriv/code/qlever/qlever-indices/dblp/dblp.vocabulary.words ...
2026-04-07 20:28:11.319 - INFO: Done, number of words: 409,446,926
2026-04-07 20:28:11.319 - INFO: Number of words in internal vocabulary (these are also part of the external vocabulary): 409,457
2026-04-07 20:28:11.339 - INFO: Registered PSO permutation: #relations = 6, #blocks = 7,515, #triples = 234,800,838
2026-04-07 20:28:11.363 - INFO: Registered PSO permutation: #relations = 96, #blocks = 46,913, #triples = 1,464,719,701
2026-04-07 20:28:11.366 - INFO: Registered POS permutation: #relations = 6, #blocks = 7,515, #triples = 234,800,838
2026-04-07 20:28:11.390 - INFO: Registered POS permutation: #relations = 96, #blocks = 46,913, #triples = 1,464,719,701
2026-04-07 20:28:11.409 - INFO: Registered OPS permutation: #relations = 318,850,904, #blocks = 39,014, #triples = 1,464,719,701
2026-04-07 20:28:11.428 - INFO: Registered OSP permutation: #relations = 318,850,904, #blocks = 39,014, #triples = 1,464,719,701
2026-04-07 20:28:11.442 - INFO: Registered SPO permutation: #relations = 234,800,427, #blocks = 31,251, #triples = 1,464,719,701
2026-04-07 20:28:11.452 - INFO: Registered SOP permutation: #relations = 234,800,427, #blocks = 31,251, #triples = 1,464,719,701
2026-04-07 20:28:11.452 - INFO: Reading patterns from file /home/userNoPriv/code/qlever/qlever-indices/dblp/dblp.index.patterns ...
2026-04-07 20:28:11.453 - INFO: Sorting random result tables to estimate the sorting performance of this machine ...
2026-04-07 20:28:18.744 - INFO: Access token for restricted API calls is ""
2026-04-07 20:28:18.744 - INFO: The server is ready, listening for requests on port 7001 ...
2026-04-07 20:28:21.306 - INFO: 
2026-04-07 20:28:21.306 - INFO: Request received via POST, content type "application/sparql-query"
2026-04-07 20:28:21.308 - INFO: Processing the following SPARQL query:
CONSTRUCT { ?s ?p ?o } WHERE { ?s ?p ?o } LIMIT 100000
2026-04-07 20:28:21.308 - INFO: Requested media types of the result are: "text/csv"
2026-04-07 20:28:21.308 - INFO: Query planning done in 2 ms
2026-04-07 20:28:21.314 - INFO: Result has unknown size (not computed yet)
2026-04-07 20:28:21.994 - INFO: Done processing query and sending result, total time was 688 ms
