2026-04-09 10:44:11.605 - INFO: [1mQLever server, compiled on Thu Apr  9 09:52:10 AM CEST 2026 using git hash a5e4bf[22m
2026-04-09 10:44:11.605 - INFO: Initializing server ...
2026-04-09 10:44:11.605 - INFO: The git hash used to build this index was "8c99fe"
2026-04-09 10:44:11.605 - INFO: Reading vocabulary from file /home/userNoPriv/code/qlever/qlever-indices/dblp/dblp.vocabulary.words ...
2026-04-09 10:44:11.622 - INFO: Done, number of words: 409,446,926
2026-04-09 10:44:11.622 - INFO: Number of words in internal vocabulary (these are also part of the external vocabulary): 409,457
2026-04-09 10:44:11.642 - INFO: Registered PSO permutation: #relations = 6, #blocks = 7,515, #triples = 234,800,838
2026-04-09 10:44:11.665 - INFO: Registered PSO permutation: #relations = 96, #blocks = 46,913, #triples = 1,464,719,701
2026-04-09 10:44:11.668 - INFO: Registered POS permutation: #relations = 6, #blocks = 7,515, #triples = 234,800,838
2026-04-09 10:44:11.691 - INFO: Registered POS permutation: #relations = 96, #blocks = 46,913, #triples = 1,464,719,701
2026-04-09 10:44:11.711 - INFO: Registered OPS permutation: #relations = 318,850,904, #blocks = 39,014, #triples = 1,464,719,701
2026-04-09 10:44:11.731 - INFO: Registered OSP permutation: #relations = 318,850,904, #blocks = 39,014, #triples = 1,464,719,701
2026-04-09 10:44:11.744 - INFO: Registered SPO permutation: #relations = 234,800,427, #blocks = 31,251, #triples = 1,464,719,701
2026-04-09 10:44:11.755 - INFO: Registered SOP permutation: #relations = 234,800,427, #blocks = 31,251, #triples = 1,464,719,701
2026-04-09 10:44:11.755 - INFO: Reading patterns from file /home/userNoPriv/code/qlever/qlever-indices/dblp/dblp.index.patterns ...
2026-04-09 10:44:11.756 - INFO: Sorting random result tables to estimate the sorting performance of this machine ...
2026-04-09 10:44:18.948 - INFO: Access token for restricted API calls is ""
2026-04-09 10:44:18.948 - INFO: The server is ready, listening for requests on port 7001 ...
2026-04-09 10:44:21.607 - INFO: 
2026-04-09 10:44:21.607 - INFO: Request received via POST, content type "application/sparql-query"
2026-04-09 10:44:21.609 - INFO: Processing the following SPARQL query:
SELECT ?s ?p ?o WHERE { ?s ?p ?o } LIMIT 10000000
2026-04-09 10:44:21.610 - INFO: Requested media types of the result are: "application/qlever-results+json"
2026-04-09 10:44:21.612 - INFO: Query planning done in 4 ms
2026-04-09 10:44:21.618 - INFO: Result has unknown size (not computed yet)
2026-04-09 10:44:40.507 - INFO: Done processing query and sending result, total time was 18,899 ms
