2026-04-09 10:41:44.699 - INFO: [1mQLever server, compiled on Thu Apr  9 09:52:10 AM CEST 2026 using git hash a5e4bf[22m
2026-04-09 10:41:44.700 - INFO: Initializing server ...
2026-04-09 10:41:44.700 - INFO: The git hash used to build this index was "8c99fe"
2026-04-09 10:41:44.700 - INFO: Reading vocabulary from file /home/userNoPriv/code/qlever/qlever-indices/dblp/dblp.vocabulary.words ...
2026-04-09 10:41:44.716 - INFO: Done, number of words: 409,446,926
2026-04-09 10:41:44.716 - INFO: Number of words in internal vocabulary (these are also part of the external vocabulary): 409,457
2026-04-09 10:41:44.737 - INFO: Registered PSO permutation: #relations = 6, #blocks = 7,515, #triples = 234,800,838
2026-04-09 10:41:44.762 - INFO: Registered PSO permutation: #relations = 96, #blocks = 46,913, #triples = 1,464,719,701
2026-04-09 10:41:44.766 - INFO: Registered POS permutation: #relations = 6, #blocks = 7,515, #triples = 234,800,838
2026-04-09 10:41:44.790 - INFO: Registered POS permutation: #relations = 96, #blocks = 46,913, #triples = 1,464,719,701
2026-04-09 10:41:44.811 - INFO: Registered OPS permutation: #relations = 318,850,904, #blocks = 39,014, #triples = 1,464,719,701
2026-04-09 10:41:44.830 - INFO: Registered OSP permutation: #relations = 318,850,904, #blocks = 39,014, #triples = 1,464,719,701
2026-04-09 10:41:44.844 - INFO: Registered SPO permutation: #relations = 234,800,427, #blocks = 31,251, #triples = 1,464,719,701
2026-04-09 10:41:44.855 - INFO: Registered SOP permutation: #relations = 234,800,427, #blocks = 31,251, #triples = 1,464,719,701
2026-04-09 10:41:44.855 - INFO: Reading patterns from file /home/userNoPriv/code/qlever/qlever-indices/dblp/dblp.index.patterns ...
2026-04-09 10:41:44.856 - INFO: Sorting random result tables to estimate the sorting performance of this machine ...
2026-04-09 10:41:52.024 - INFO: Access token for restricted API calls is ""
2026-04-09 10:41:52.024 - INFO: The server is ready, listening for requests on port 7001 ...
2026-04-09 10:41:54.701 - INFO: 
2026-04-09 10:41:54.701 - INFO: Request received via POST, content type "application/sparql-query"
2026-04-09 10:41:54.703 - INFO: Processing the following SPARQL query:
CONSTRUCT { ?s ?p ?o } WHERE { ?s ?p ?o } LIMIT 1000000
2026-04-09 10:41:54.704 - INFO: Requested media types of the result are: "application/qlever-results+json"
2026-04-09 10:41:54.706 - INFO: Query planning done in 5 ms
2026-04-09 10:41:54.712 - INFO: Result has unknown size (not computed yet)
2026-04-09 10:41:59.409 - INFO: Done processing query and sending result, total time was 4,707 ms
