2026-04-09 10:42:44.298 - INFO: [1mQLever server, compiled on Thu Apr  9 09:52:10 AM CEST 2026 using git hash a5e4bf[22m
2026-04-09 10:42:44.298 - INFO: Initializing server ...
2026-04-09 10:42:44.298 - INFO: The git hash used to build this index was "8c99fe"
2026-04-09 10:42:44.299 - INFO: Reading vocabulary from file /home/userNoPriv/code/qlever/qlever-indices/dblp/dblp.vocabulary.words ...
2026-04-09 10:42:44.313 - INFO: Done, number of words: 409,446,926
2026-04-09 10:42:44.313 - INFO: Number of words in internal vocabulary (these are also part of the external vocabulary): 409,457
2026-04-09 10:42:44.333 - INFO: Registered PSO permutation: #relations = 6, #blocks = 7,515, #triples = 234,800,838
2026-04-09 10:42:44.355 - INFO: Registered PSO permutation: #relations = 96, #blocks = 46,913, #triples = 1,464,719,701
2026-04-09 10:42:44.359 - INFO: Registered POS permutation: #relations = 6, #blocks = 7,515, #triples = 234,800,838
2026-04-09 10:42:44.381 - INFO: Registered POS permutation: #relations = 96, #blocks = 46,913, #triples = 1,464,719,701
2026-04-09 10:42:44.401 - INFO: Registered OPS permutation: #relations = 318,850,904, #blocks = 39,014, #triples = 1,464,719,701
2026-04-09 10:42:44.419 - INFO: Registered OSP permutation: #relations = 318,850,904, #blocks = 39,014, #triples = 1,464,719,701
2026-04-09 10:42:44.432 - INFO: Registered SPO permutation: #relations = 234,800,427, #blocks = 31,251, #triples = 1,464,719,701
2026-04-09 10:42:44.443 - INFO: Registered SOP permutation: #relations = 234,800,427, #blocks = 31,251, #triples = 1,464,719,701
2026-04-09 10:42:44.444 - INFO: Reading patterns from file /home/userNoPriv/code/qlever/qlever-indices/dblp/dblp.index.patterns ...
2026-04-09 10:42:44.444 - INFO: Sorting random result tables to estimate the sorting performance of this machine ...
2026-04-09 10:42:51.570 - INFO: Access token for restricted API calls is ""
2026-04-09 10:42:51.570 - INFO: The server is ready, listening for requests on port 7001 ...
2026-04-09 10:42:54.299 - INFO: 
2026-04-09 10:42:54.299 - INFO: Request received via POST, content type "application/sparql-query"
2026-04-09 10:42:54.301 - INFO: Processing the following SPARQL query:
SELECT ?s ?p ?o WHERE { ?s ?p ?o } LIMIT 10000000
2026-04-09 10:42:54.301 - INFO: Requested media types of the result are: "application/qlever-results+json"
2026-04-09 10:42:54.304 - INFO: Query planning done in 4 ms
2026-04-09 10:42:54.310 - INFO: Result has unknown size (not computed yet)
2026-04-09 10:43:13.133 - INFO: Done processing query and sending result, total time was 18,833 ms
