2026-04-09 10:39:29.087 - INFO: [1mQLever server, compiled on Thu Apr  9 09:52:10 AM CEST 2026 using git hash a5e4bf[22m
2026-04-09 10:39:29.088 - INFO: Initializing server ...
2026-04-09 10:39:29.088 - INFO: The git hash used to build this index was "8c99fe"
2026-04-09 10:39:29.088 - INFO: Reading vocabulary from file /home/userNoPriv/code/qlever/qlever-indices/dblp/dblp.vocabulary.words ...
2026-04-09 10:39:29.103 - INFO: Done, number of words: 409,446,926
2026-04-09 10:39:29.103 - INFO: Number of words in internal vocabulary (these are also part of the external vocabulary): 409,457
2026-04-09 10:39:29.125 - INFO: Registered PSO permutation: #relations = 6, #blocks = 7,515, #triples = 234,800,838
2026-04-09 10:39:29.149 - INFO: Registered PSO permutation: #relations = 96, #blocks = 46,913, #triples = 1,464,719,701
2026-04-09 10:39:29.154 - INFO: Registered POS permutation: #relations = 6, #blocks = 7,515, #triples = 234,800,838
2026-04-09 10:39:29.180 - INFO: Registered POS permutation: #relations = 96, #blocks = 46,913, #triples = 1,464,719,701
2026-04-09 10:39:29.203 - INFO: Registered OPS permutation: #relations = 318,850,904, #blocks = 39,014, #triples = 1,464,719,701
2026-04-09 10:39:29.225 - INFO: Registered OSP permutation: #relations = 318,850,904, #blocks = 39,014, #triples = 1,464,719,701
2026-04-09 10:39:29.239 - INFO: Registered SPO permutation: #relations = 234,800,427, #blocks = 31,251, #triples = 1,464,719,701
2026-04-09 10:39:29.251 - INFO: Registered SOP permutation: #relations = 234,800,427, #blocks = 31,251, #triples = 1,464,719,701
2026-04-09 10:39:29.251 - INFO: Reading patterns from file /home/userNoPriv/code/qlever/qlever-indices/dblp/dblp.index.patterns ...
2026-04-09 10:39:29.252 - INFO: Sorting random result tables to estimate the sorting performance of this machine ...
2026-04-09 10:39:36.443 - INFO: Access token for restricted API calls is ""
2026-04-09 10:39:36.443 - INFO: The server is ready, listening for requests on port 7001 ...
2026-04-09 10:39:39.087 - INFO: 
2026-04-09 10:39:39.087 - INFO: Request received via POST, content type "application/sparql-query"
2026-04-09 10:39:39.089 - INFO: Processing the following SPARQL query:
CONSTRUCT { ?s ?p ?o } WHERE { ?s ?p ?o } LIMIT 100000
2026-04-09 10:39:39.089 - INFO: Requested media types of the result are: "application/qlever-results+json"
2026-04-09 10:39:39.092 - INFO: Query planning done in 4 ms
2026-04-09 10:39:39.098 - INFO: Result has unknown size (not computed yet)
2026-04-09 10:39:39.868 - INFO: Done processing query and sending result, total time was 780 ms
