2026-04-09 10:38:45.846 - INFO: [1mQLever server, compiled on Thu Apr  9 09:52:10 AM CEST 2026 using git hash a5e4bf[22m
2026-04-09 10:38:45.846 - INFO: Initializing server ...
2026-04-09 10:38:45.846 - INFO: The git hash used to build this index was "8c99fe"
2026-04-09 10:38:45.847 - INFO: Reading vocabulary from file /home/userNoPriv/code/qlever/qlever-indices/dblp/dblp.vocabulary.words ...
2026-04-09 10:38:45.860 - INFO: Done, number of words: 409,446,926
2026-04-09 10:38:45.860 - INFO: Number of words in internal vocabulary (these are also part of the external vocabulary): 409,457
2026-04-09 10:38:45.882 - INFO: Registered PSO permutation: #relations = 6, #blocks = 7,515, #triples = 234,800,838
2026-04-09 10:38:45.905 - INFO: Registered PSO permutation: #relations = 96, #blocks = 46,913, #triples = 1,464,719,701
2026-04-09 10:38:45.908 - INFO: Registered POS permutation: #relations = 6, #blocks = 7,515, #triples = 234,800,838
2026-04-09 10:38:45.931 - INFO: Registered POS permutation: #relations = 96, #blocks = 46,913, #triples = 1,464,719,701
2026-04-09 10:38:45.950 - INFO: Registered OPS permutation: #relations = 318,850,904, #blocks = 39,014, #triples = 1,464,719,701
2026-04-09 10:38:45.969 - INFO: Registered OSP permutation: #relations = 318,850,904, #blocks = 39,014, #triples = 1,464,719,701
2026-04-09 10:38:45.982 - INFO: Registered SPO permutation: #relations = 234,800,427, #blocks = 31,251, #triples = 1,464,719,701
2026-04-09 10:38:45.994 - INFO: Registered SOP permutation: #relations = 234,800,427, #blocks = 31,251, #triples = 1,464,719,701
2026-04-09 10:38:45.994 - INFO: Reading patterns from file /home/userNoPriv/code/qlever/qlever-indices/dblp/dblp.index.patterns ...
2026-04-09 10:38:45.995 - INFO: Sorting random result tables to estimate the sorting performance of this machine ...
2026-04-09 10:38:53.209 - INFO: Access token for restricted API calls is ""
2026-04-09 10:38:53.209 - INFO: The server is ready, listening for requests on port 7001 ...
2026-04-09 10:38:55.848 - INFO: 
2026-04-09 10:38:55.848 - INFO: Request received via POST, content type "application/sparql-query"
2026-04-09 10:38:55.850 - INFO: Processing the following SPARQL query:
SELECT ?s ?p ?o WHERE { ?s ?p ?o } LIMIT 100000
2026-04-09 10:38:55.851 - INFO: Requested media types of the result are: "application/qlever-results+json"
2026-04-09 10:38:55.853 - INFO: Query planning done in 4 ms
2026-04-09 10:38:55.859 - INFO: Result has unknown size (not computed yet)
2026-04-09 10:38:56.442 - INFO: Done processing query and sending result, total time was 594 ms
