2026-04-09 10:43:42.505 - INFO: [1mQLever server, compiled on Thu Apr  9 09:52:10 AM CEST 2026 using git hash a5e4bf[22m
2026-04-09 10:43:42.505 - INFO: Initializing server ...
2026-04-09 10:43:42.506 - INFO: The git hash used to build this index was "8c99fe"
2026-04-09 10:43:42.506 - INFO: Reading vocabulary from file /home/userNoPriv/code/qlever/qlever-indices/dblp/dblp.vocabulary.words ...
2026-04-09 10:43:42.521 - INFO: Done, number of words: 409,446,926
2026-04-09 10:43:42.522 - INFO: Number of words in internal vocabulary (these are also part of the external vocabulary): 409,457
2026-04-09 10:43:42.542 - INFO: Registered PSO permutation: #relations = 6, #blocks = 7,515, #triples = 234,800,838
2026-04-09 10:43:42.565 - INFO: Registered PSO permutation: #relations = 96, #blocks = 46,913, #triples = 1,464,719,701
2026-04-09 10:43:42.569 - INFO: Registered POS permutation: #relations = 6, #blocks = 7,515, #triples = 234,800,838
2026-04-09 10:43:42.592 - INFO: Registered POS permutation: #relations = 96, #blocks = 46,913, #triples = 1,464,719,701
2026-04-09 10:43:42.611 - INFO: Registered OPS permutation: #relations = 318,850,904, #blocks = 39,014, #triples = 1,464,719,701
2026-04-09 10:43:42.631 - INFO: Registered OSP permutation: #relations = 318,850,904, #blocks = 39,014, #triples = 1,464,719,701
2026-04-09 10:43:42.648 - INFO: Registered SPO permutation: #relations = 234,800,427, #blocks = 31,251, #triples = 1,464,719,701
2026-04-09 10:43:42.660 - INFO: Registered SOP permutation: #relations = 234,800,427, #blocks = 31,251, #triples = 1,464,719,701
2026-04-09 10:43:42.660 - INFO: Reading patterns from file /home/userNoPriv/code/qlever/qlever-indices/dblp/dblp.index.patterns ...
2026-04-09 10:43:42.661 - INFO: Sorting random result tables to estimate the sorting performance of this machine ...
2026-04-09 10:43:49.892 - INFO: Access token for restricted API calls is ""
2026-04-09 10:43:49.892 - INFO: The server is ready, listening for requests on port 7001 ...
2026-04-09 10:43:52.506 - INFO: 
2026-04-09 10:43:52.506 - INFO: Request received via POST, content type "application/sparql-query"
2026-04-09 10:43:52.507 - INFO: Processing the following SPARQL query:
SELECT ?s ?p ?o WHERE { ?s ?p ?o } LIMIT 10000000
2026-04-09 10:43:52.508 - INFO: Requested media types of the result are: "application/qlever-results+json"
2026-04-09 10:43:52.510 - INFO: Query planning done in 4 ms
2026-04-09 10:43:52.516 - INFO: Result has unknown size (not computed yet)
2026-04-09 10:44:11.381 - INFO: Done processing query and sending result, total time was 18,875 ms
