2026-04-09 10:46:30.778 - INFO: [1mQLever server, compiled on Thu Apr  9 09:52:10 AM CEST 2026 using git hash a5e4bf[22m
2026-04-09 10:46:30.779 - INFO: Initializing server ...
2026-04-09 10:46:30.779 - INFO: The git hash used to build this index was "8c99fe"
2026-04-09 10:46:30.779 - INFO: Reading vocabulary from file /home/userNoPriv/code/qlever/qlever-indices/dblp/dblp.vocabulary.words ...
2026-04-09 10:46:30.794 - INFO: Done, number of words: 409,446,926
2026-04-09 10:46:30.794 - INFO: Number of words in internal vocabulary (these are also part of the external vocabulary): 409,457
2026-04-09 10:46:30.815 - INFO: Registered PSO permutation: #relations = 6, #blocks = 7,515, #triples = 234,800,838
2026-04-09 10:46:30.838 - INFO: Registered PSO permutation: #relations = 96, #blocks = 46,913, #triples = 1,464,719,701
2026-04-09 10:46:30.841 - INFO: Registered POS permutation: #relations = 6, #blocks = 7,515, #triples = 234,800,838
2026-04-09 10:46:30.864 - INFO: Registered POS permutation: #relations = 96, #blocks = 46,913, #triples = 1,464,719,701
2026-04-09 10:46:30.883 - INFO: Registered OPS permutation: #relations = 318,850,904, #blocks = 39,014, #triples = 1,464,719,701
2026-04-09 10:46:30.902 - INFO: Registered OSP permutation: #relations = 318,850,904, #blocks = 39,014, #triples = 1,464,719,701
2026-04-09 10:46:30.915 - INFO: Registered SPO permutation: #relations = 234,800,427, #blocks = 31,251, #triples = 1,464,719,701
2026-04-09 10:46:30.926 - INFO: Registered SOP permutation: #relations = 234,800,427, #blocks = 31,251, #triples = 1,464,719,701
2026-04-09 10:46:30.926 - INFO: Reading patterns from file /home/userNoPriv/code/qlever/qlever-indices/dblp/dblp.index.patterns ...
2026-04-09 10:46:30.927 - INFO: Sorting random result tables to estimate the sorting performance of this machine ...
2026-04-09 10:46:38.135 - INFO: Access token for restricted API calls is ""
2026-04-09 10:46:38.135 - INFO: The server is ready, listening for requests on port 7001 ...
2026-04-09 10:46:40.781 - INFO: 
2026-04-09 10:46:40.781 - INFO: Request received via POST, content type "application/sparql-query"
2026-04-09 10:46:40.784 - INFO: Processing the following SPARQL query:
CONSTRUCT { ?s ?p ?o } WHERE { ?s ?p ?o } LIMIT 10000000
2026-04-09 10:46:40.784 - INFO: Requested media types of the result are: "application/qlever-results+json"
2026-04-09 10:46:40.786 - INFO: Query planning done in 5 ms
2026-04-09 10:46:40.793 - INFO: Result has unknown size (not computed yet)
2026-04-09 10:47:10.807 - INFO: Done processing query and sending result, total time was 30,025 ms
