2026-04-07 20:41:01.438 - INFO: [1mQLever server v0.5.45-35-gaf00534d, compiled on Fri Mar 27 02:21:17 PM CET 2026 using git hash af0053[22m
2026-04-07 20:41:01.439 - INFO: Initializing server ...
2026-04-07 20:41:01.439 - INFO: The git hash used to build this index was "8c99fe"
2026-04-07 20:41:01.439 - INFO: Reading vocabulary from file /home/userNoPriv/code/qlever/qlever-indices/dblp/dblp.vocabulary.words ...
2026-04-07 20:41:01.453 - INFO: Done, number of words: 409,446,926
2026-04-07 20:41:01.453 - INFO: Number of words in internal vocabulary (these are also part of the external vocabulary): 409,457
2026-04-07 20:41:01.472 - INFO: Registered PSO permutation: #relations = 6, #blocks = 7,515, #triples = 234,800,838
2026-04-07 20:41:01.495 - INFO: Registered PSO permutation: #relations = 96, #blocks = 46,913, #triples = 1,464,719,701
2026-04-07 20:41:01.498 - INFO: Registered POS permutation: #relations = 6, #blocks = 7,515, #triples = 234,800,838
2026-04-07 20:41:01.521 - INFO: Registered POS permutation: #relations = 96, #blocks = 46,913, #triples = 1,464,719,701
2026-04-07 20:41:01.540 - INFO: Registered OPS permutation: #relations = 318,850,904, #blocks = 39,014, #triples = 1,464,719,701
2026-04-07 20:41:01.559 - INFO: Registered OSP permutation: #relations = 318,850,904, #blocks = 39,014, #triples = 1,464,719,701
2026-04-07 20:41:01.572 - INFO: Registered SPO permutation: #relations = 234,800,427, #blocks = 31,251, #triples = 1,464,719,701
2026-04-07 20:41:01.583 - INFO: Registered SOP permutation: #relations = 234,800,427, #blocks = 31,251, #triples = 1,464,719,701
2026-04-07 20:41:01.583 - INFO: Reading patterns from file /home/userNoPriv/code/qlever/qlever-indices/dblp/dblp.index.patterns ...
2026-04-07 20:41:01.584 - INFO: Sorting random result tables to estimate the sorting performance of this machine ...
2026-04-07 20:41:08.828 - INFO: Access token for restricted API calls is ""
2026-04-07 20:41:08.828 - INFO: The server is ready, listening for requests on port 7001 ...
2026-04-07 20:41:11.440 - INFO: 
2026-04-07 20:41:11.440 - INFO: Request received via POST, content type "application/sparql-query"
2026-04-07 20:41:11.442 - INFO: Processing the following SPARQL query:
CONSTRUCT { ?s ?p ?o } WHERE { ?s ?p ?o } LIMIT 1000000
2026-04-07 20:41:11.442 - INFO: Requested media types of the result are: "application/qlever-results+json"
2026-04-07 20:41:11.442 - INFO: Query planning done in 2 ms
2026-04-07 20:41:11.448 - INFO: Result has unknown size (not computed yet)
2026-04-07 20:41:15.935 - INFO: Done processing query and sending result, total time was 4,495 ms
