2026-04-09 10:43:13.368 - INFO: [1mQLever server, compiled on Thu Apr  9 09:52:10 AM CEST 2026 using git hash a5e4bf[22m
2026-04-09 10:43:13.368 - INFO: Initializing server ...
2026-04-09 10:43:13.369 - INFO: The git hash used to build this index was "8c99fe"
2026-04-09 10:43:13.369 - INFO: Reading vocabulary from file /home/userNoPriv/code/qlever/qlever-indices/dblp/dblp.vocabulary.words ...
2026-04-09 10:43:13.385 - INFO: Done, number of words: 409,446,926
2026-04-09 10:43:13.385 - INFO: Number of words in internal vocabulary (these are also part of the external vocabulary): 409,457
2026-04-09 10:43:13.405 - INFO: Registered PSO permutation: #relations = 6, #blocks = 7,515, #triples = 234,800,838
2026-04-09 10:43:13.427 - INFO: Registered PSO permutation: #relations = 96, #blocks = 46,913, #triples = 1,464,719,701
2026-04-09 10:43:13.431 - INFO: Registered POS permutation: #relations = 6, #blocks = 7,515, #triples = 234,800,838
2026-04-09 10:43:13.454 - INFO: Registered POS permutation: #relations = 96, #blocks = 46,913, #triples = 1,464,719,701
2026-04-09 10:43:13.473 - INFO: Registered OPS permutation: #relations = 318,850,904, #blocks = 39,014, #triples = 1,464,719,701
2026-04-09 10:43:13.492 - INFO: Registered OSP permutation: #relations = 318,850,904, #blocks = 39,014, #triples = 1,464,719,701
2026-04-09 10:43:13.505 - INFO: Registered SPO permutation: #relations = 234,800,427, #blocks = 31,251, #triples = 1,464,719,701
2026-04-09 10:43:13.516 - INFO: Registered SOP permutation: #relations = 234,800,427, #blocks = 31,251, #triples = 1,464,719,701
2026-04-09 10:43:13.516 - INFO: Reading patterns from file /home/userNoPriv/code/qlever/qlever-indices/dblp/dblp.index.patterns ...
2026-04-09 10:43:13.517 - INFO: Sorting random result tables to estimate the sorting performance of this machine ...
2026-04-09 10:43:20.709 - INFO: Access token for restricted API calls is ""
2026-04-09 10:43:20.709 - INFO: The server is ready, listening for requests on port 7001 ...
2026-04-09 10:43:23.369 - INFO: 
2026-04-09 10:43:23.370 - INFO: Request received via POST, content type "application/sparql-query"
2026-04-09 10:43:23.372 - INFO: Processing the following SPARQL query:
SELECT ?s ?p ?o WHERE { ?s ?p ?o } LIMIT 10000000
2026-04-09 10:43:23.372 - INFO: Requested media types of the result are: "application/qlever-results+json"
2026-04-09 10:43:23.375 - INFO: Query planning done in 5 ms
2026-04-09 10:43:23.381 - INFO: Result has unknown size (not computed yet)
2026-04-09 10:43:42.285 - INFO: Done processing query and sending result, total time was 18,915 ms
