2026-04-09 10:18:13.405 - INFO: [1mQLever server, compiled on Thu Apr  9 09:52:10 AM CEST 2026 using git hash a5e4bf[22m
2026-04-09 10:18:13.406 - INFO: Initializing server ...
2026-04-09 10:18:13.406 - INFO: The git hash used to build this index was "8c99fe"
2026-04-09 10:18:13.406 - INFO: Reading vocabulary from file /home/userNoPriv/code/qlever/qlever-indices/dblp/dblp.vocabulary.words ...
2026-04-09 10:18:13.420 - INFO: Done, number of words: 409,446,926
2026-04-09 10:18:13.420 - INFO: Number of words in internal vocabulary (these are also part of the external vocabulary): 409,457
2026-04-09 10:18:13.440 - INFO: Registered PSO permutation: #relations = 6, #blocks = 7,515, #triples = 234,800,838
2026-04-09 10:18:13.463 - INFO: Registered PSO permutation: #relations = 96, #blocks = 46,913, #triples = 1,464,719,701
2026-04-09 10:18:13.466 - INFO: Registered POS permutation: #relations = 6, #blocks = 7,515, #triples = 234,800,838
2026-04-09 10:18:13.489 - INFO: Registered POS permutation: #relations = 96, #blocks = 46,913, #triples = 1,464,719,701
2026-04-09 10:18:13.508 - INFO: Registered OPS permutation: #relations = 318,850,904, #blocks = 39,014, #triples = 1,464,719,701
2026-04-09 10:18:13.527 - INFO: Registered OSP permutation: #relations = 318,850,904, #blocks = 39,014, #triples = 1,464,719,701
2026-04-09 10:18:13.540 - INFO: Registered SPO permutation: #relations = 234,800,427, #blocks = 31,251, #triples = 1,464,719,701
2026-04-09 10:18:13.552 - INFO: Registered SOP permutation: #relations = 234,800,427, #blocks = 31,251, #triples = 1,464,719,701
2026-04-09 10:18:13.552 - INFO: Reading patterns from file /home/userNoPriv/code/qlever/qlever-indices/dblp/dblp.index.patterns ...
2026-04-09 10:18:13.553 - INFO: Sorting random result tables to estimate the sorting performance of this machine ...
2026-04-09 10:18:20.633 - INFO: Access token for restricted API calls is ""
2026-04-09 10:18:20.633 - INFO: The server is ready, listening for requests on port 7001 ...
2026-04-09 10:18:23.408 - INFO: 
2026-04-09 10:18:23.408 - INFO: Request received via POST, content type "application/sparql-query"
2026-04-09 10:18:23.410 - INFO: Processing the following SPARQL query:
SELECT ?s ?p ?o WHERE { ?s ?p ?o } LIMIT 100000
2026-04-09 10:18:23.410 - INFO: Requested media types of the result are: "text/tab-separated-values"
2026-04-09 10:18:23.413 - INFO: Query planning done in 4 ms
2026-04-09 10:18:23.419 - INFO: Result has unknown size (not computed yet)
2026-04-09 10:18:23.929 - INFO: Done processing query and sending result, total time was 521 ms
