2026-04-07 20:19:56.854 - INFO: [1mQLever server v0.5.45-35-gaf00534d, compiled on Fri Mar 27 02:21:17 PM CET 2026 using git hash af0053[22m
2026-04-07 20:19:56.854 - INFO: Initializing server ...
2026-04-07 20:19:56.854 - INFO: The git hash used to build this index was "8c99fe"
2026-04-07 20:19:56.855 - INFO: Reading vocabulary from file /home/userNoPriv/code/qlever/qlever-indices/dblp/dblp.vocabulary.words ...
2026-04-07 20:19:56.868 - INFO: Done, number of words: 409,446,926
2026-04-07 20:19:56.868 - INFO: Number of words in internal vocabulary (these are also part of the external vocabulary): 409,457
2026-04-07 20:19:56.888 - INFO: Registered PSO permutation: #relations = 6, #blocks = 7,515, #triples = 234,800,838
2026-04-07 20:19:56.911 - INFO: Registered PSO permutation: #relations = 96, #blocks = 46,913, #triples = 1,464,719,701
2026-04-07 20:19:56.915 - INFO: Registered POS permutation: #relations = 6, #blocks = 7,515, #triples = 234,800,838
2026-04-07 20:19:56.937 - INFO: Registered POS permutation: #relations = 96, #blocks = 46,913, #triples = 1,464,719,701
2026-04-07 20:19:56.956 - INFO: Registered OPS permutation: #relations = 318,850,904, #blocks = 39,014, #triples = 1,464,719,701
2026-04-07 20:19:56.975 - INFO: Registered OSP permutation: #relations = 318,850,904, #blocks = 39,014, #triples = 1,464,719,701
2026-04-07 20:19:56.989 - INFO: Registered SPO permutation: #relations = 234,800,427, #blocks = 31,251, #triples = 1,464,719,701
2026-04-07 20:19:57.000 - INFO: Registered SOP permutation: #relations = 234,800,427, #blocks = 31,251, #triples = 1,464,719,701
2026-04-07 20:19:57.000 - INFO: Reading patterns from file /home/userNoPriv/code/qlever/qlever-indices/dblp/dblp.index.patterns ...
2026-04-07 20:19:57.001 - INFO: Sorting random result tables to estimate the sorting performance of this machine ...
2026-04-07 20:20:04.210 - INFO: Access token for restricted API calls is ""
2026-04-07 20:20:04.210 - INFO: The server is ready, listening for requests on port 7001 ...
2026-04-07 20:20:06.856 - INFO: 
2026-04-07 20:20:06.856 - INFO: Request received via POST, content type "application/sparql-query"
2026-04-07 20:20:06.858 - INFO: Processing the following SPARQL query:
CONSTRUCT { ?s ?p ?o } WHERE { ?s ?p ?o } LIMIT 1000000
2026-04-07 20:20:06.858 - INFO: Requested media types of the result are: "text/tab-separated-values"
2026-04-07 20:20:06.858 - INFO: Query planning done in 2 ms
2026-04-07 20:20:06.864 - INFO: Result has unknown size (not computed yet)
2026-04-07 20:20:10.715 - INFO: Done processing query and sending result, total time was 3,859 ms
