2026-04-07 20:24:23.002 - INFO: [1mQLever server v0.5.45-35-gaf00534d, compiled on Fri Mar 27 02:21:17 PM CET 2026 using git hash af0053[22m
2026-04-07 20:24:23.003 - INFO: Initializing server ...
2026-04-07 20:24:23.003 - INFO: The git hash used to build this index was "8c99fe"
2026-04-07 20:24:23.003 - INFO: Reading vocabulary from file /home/userNoPriv/code/qlever/qlever-indices/dblp/dblp.vocabulary.words ...
2026-04-07 20:24:23.020 - INFO: Done, number of words: 409,446,926
2026-04-07 20:24:23.020 - INFO: Number of words in internal vocabulary (these are also part of the external vocabulary): 409,457
2026-04-07 20:24:23.040 - INFO: Registered PSO permutation: #relations = 6, #blocks = 7,515, #triples = 234,800,838
2026-04-07 20:24:23.062 - INFO: Registered PSO permutation: #relations = 96, #blocks = 46,913, #triples = 1,464,719,701
2026-04-07 20:24:23.066 - INFO: Registered POS permutation: #relations = 6, #blocks = 7,515, #triples = 234,800,838
2026-04-07 20:24:23.089 - INFO: Registered POS permutation: #relations = 96, #blocks = 46,913, #triples = 1,464,719,701
2026-04-07 20:24:23.108 - INFO: Registered OPS permutation: #relations = 318,850,904, #blocks = 39,014, #triples = 1,464,719,701
2026-04-07 20:24:23.127 - INFO: Registered OSP permutation: #relations = 318,850,904, #blocks = 39,014, #triples = 1,464,719,701
2026-04-07 20:24:23.140 - INFO: Registered SPO permutation: #relations = 234,800,427, #blocks = 31,251, #triples = 1,464,719,701
2026-04-07 20:24:23.153 - INFO: Registered SOP permutation: #relations = 234,800,427, #blocks = 31,251, #triples = 1,464,719,701
2026-04-07 20:24:23.153 - INFO: Reading patterns from file /home/userNoPriv/code/qlever/qlever-indices/dblp/dblp.index.patterns ...
2026-04-07 20:24:23.154 - INFO: Sorting random result tables to estimate the sorting performance of this machine ...
2026-04-07 20:24:30.591 - INFO: Access token for restricted API calls is ""
2026-04-07 20:24:30.591 - INFO: The server is ready, listening for requests on port 7001 ...
2026-04-07 20:24:33.004 - INFO: 
2026-04-07 20:24:33.004 - INFO: Request received via POST, content type "application/sparql-query"
2026-04-07 20:24:33.006 - INFO: Processing the following SPARQL query:
CONSTRUCT { ?s ?p ?o } WHERE { ?s ?p ?o } LIMIT 10000000
2026-04-07 20:24:33.006 - INFO: Requested media types of the result are: "text/tab-separated-values"
2026-04-07 20:24:33.006 - INFO: Query planning done in 2 ms
2026-04-07 20:24:33.012 - INFO: Result has unknown size (not computed yet)
2026-04-07 20:24:58.907 - INFO: Done processing query and sending result, total time was 25,902 ms
