2026-04-07 16:23:32.439 - INFO: [1mQLever server v0.5.45-35-gaf00534d, compiled on Fri Mar 27 02:21:17 PM CET 2026 using git hash af0053[22m
2026-04-07 16:23:32.440 - INFO: Initializing server ...
2026-04-07 16:23:32.440 - INFO: The git hash used to build this index was "8c99fe"
2026-04-07 16:23:32.440 - INFO: Reading vocabulary from file /home/userNoPriv/code/qlever/qlever-indices/dblp/dblp.vocabulary.words ...
2026-04-07 16:23:32.457 - INFO: Done, number of words: 409,446,926
2026-04-07 16:23:32.457 - INFO: Number of words in internal vocabulary (these are also part of the external vocabulary): 409,457
2026-04-07 16:23:32.482 - INFO: Registered PSO permutation: #relations = 6, #blocks = 7,515, #triples = 234,800,838
2026-04-07 16:23:32.510 - INFO: Registered PSO permutation: #relations = 96, #blocks = 46,913, #triples = 1,464,719,701
2026-04-07 16:23:32.515 - INFO: Registered POS permutation: #relations = 6, #blocks = 7,515, #triples = 234,800,838
2026-04-07 16:23:32.546 - INFO: Registered POS permutation: #relations = 96, #blocks = 46,913, #triples = 1,464,719,701
2026-04-07 16:23:32.571 - INFO: Registered OPS permutation: #relations = 318,850,904, #blocks = 39,014, #triples = 1,464,719,701
2026-04-07 16:23:32.594 - INFO: Registered OSP permutation: #relations = 318,850,904, #blocks = 39,014, #triples = 1,464,719,701
2026-04-07 16:23:32.611 - INFO: Registered SPO permutation: #relations = 234,800,427, #blocks = 31,251, #triples = 1,464,719,701
2026-04-07 16:23:32.626 - INFO: Registered SOP permutation: #relations = 234,800,427, #blocks = 31,251, #triples = 1,464,719,701
2026-04-07 16:23:32.626 - INFO: Reading patterns from file /home/userNoPriv/code/qlever/qlever-indices/dblp/dblp.index.patterns ...
2026-04-07 16:23:32.628 - INFO: Sorting random result tables to estimate the sorting performance of this machine ...
2026-04-07 16:23:41.896 - INFO: Access token for restricted API calls is ""
2026-04-07 16:23:41.896 - INFO: The server is ready, listening for requests on port 7001 ...
2026-04-07 16:23:42.442 - INFO: 
2026-04-07 16:23:42.442 - INFO: Request received via POST, content type "application/sparql-query"
2026-04-07 16:23:42.446 - INFO: Processing the following SPARQL query:
SELECT ?s ?p ?o WHERE { ?s ?p ?o } LIMIT 10000
2026-04-07 16:23:42.447 - INFO: Requested media types of the result are: "text/tab-separated-values"
2026-04-07 16:23:42.447 - INFO: Query planning done in 4 ms
2026-04-07 16:23:42.455 - INFO: Result has unknown size (not computed yet)
2026-04-07 16:23:42.582 - INFO: Done processing query and sending result, total time was 139 ms
