2026-04-09 10:18:34.864 - INFO: [1mQLever server, compiled on Thu Apr  9 09:52:10 AM CEST 2026 using git hash a5e4bf[22m
2026-04-09 10:18:34.865 - INFO: Initializing server ...
2026-04-09 10:18:34.865 - INFO: The git hash used to build this index was "8c99fe"
2026-04-09 10:18:34.866 - INFO: Reading vocabulary from file /home/userNoPriv/code/qlever/qlever-indices/dblp/dblp.vocabulary.words ...
2026-04-09 10:18:34.879 - INFO: Done, number of words: 409,446,926
2026-04-09 10:18:34.879 - INFO: Number of words in internal vocabulary (these are also part of the external vocabulary): 409,457
2026-04-09 10:18:34.901 - INFO: Registered PSO permutation: #relations = 6, #blocks = 7,515, #triples = 234,800,838
2026-04-09 10:18:34.924 - INFO: Registered PSO permutation: #relations = 96, #blocks = 46,913, #triples = 1,464,719,701
2026-04-09 10:18:34.927 - INFO: Registered POS permutation: #relations = 6, #blocks = 7,515, #triples = 234,800,838
2026-04-09 10:18:34.950 - INFO: Registered POS permutation: #relations = 96, #blocks = 46,913, #triples = 1,464,719,701
2026-04-09 10:18:34.970 - INFO: Registered OPS permutation: #relations = 318,850,904, #blocks = 39,014, #triples = 1,464,719,701
2026-04-09 10:18:34.990 - INFO: Registered OSP permutation: #relations = 318,850,904, #blocks = 39,014, #triples = 1,464,719,701
2026-04-09 10:18:35.004 - INFO: Registered SPO permutation: #relations = 234,800,427, #blocks = 31,251, #triples = 1,464,719,701
2026-04-09 10:18:35.016 - INFO: Registered SOP permutation: #relations = 234,800,427, #blocks = 31,251, #triples = 1,464,719,701
2026-04-09 10:18:35.016 - INFO: Reading patterns from file /home/userNoPriv/code/qlever/qlever-indices/dblp/dblp.index.patterns ...
2026-04-09 10:18:35.017 - INFO: Sorting random result tables to estimate the sorting performance of this machine ...
2026-04-09 10:18:42.243 - INFO: Access token for restricted API calls is ""
2026-04-09 10:18:42.243 - INFO: The server is ready, listening for requests on port 7001 ...
2026-04-09 10:18:44.866 - INFO: 
2026-04-09 10:18:44.866 - INFO: Request received via POST, content type "application/sparql-query"
2026-04-09 10:18:44.868 - INFO: Processing the following SPARQL query:
CONSTRUCT { ?s ?p ?o } WHERE { ?s ?p ?o } LIMIT 100000
2026-04-09 10:18:44.868 - INFO: Requested media types of the result are: "text/tab-separated-values"
2026-04-09 10:18:44.870 - INFO: Query planning done in 4 ms
2026-04-09 10:18:44.876 - INFO: Result has unknown size (not computed yet)
2026-04-09 10:18:45.582 - INFO: Done processing query and sending result, total time was 716 ms
