2026-04-09 10:20:31.436 - INFO: [1mQLever server, compiled on Thu Apr  9 09:52:10 AM CEST 2026 using git hash a5e4bf[22m
2026-04-09 10:20:31.436 - INFO: Initializing server ...
2026-04-09 10:20:31.437 - INFO: The git hash used to build this index was "8c99fe"
2026-04-09 10:20:31.437 - INFO: Reading vocabulary from file /home/userNoPriv/code/qlever/qlever-indices/dblp/dblp.vocabulary.words ...
2026-04-09 10:20:31.451 - INFO: Done, number of words: 409,446,926
2026-04-09 10:20:31.451 - INFO: Number of words in internal vocabulary (these are also part of the external vocabulary): 409,457
2026-04-09 10:20:31.471 - INFO: Registered PSO permutation: #relations = 6, #blocks = 7,515, #triples = 234,800,838
2026-04-09 10:20:31.494 - INFO: Registered PSO permutation: #relations = 96, #blocks = 46,913, #triples = 1,464,719,701
2026-04-09 10:20:31.497 - INFO: Registered POS permutation: #relations = 6, #blocks = 7,515, #triples = 234,800,838
2026-04-09 10:20:31.520 - INFO: Registered POS permutation: #relations = 96, #blocks = 46,913, #triples = 1,464,719,701
2026-04-09 10:20:31.539 - INFO: Registered OPS permutation: #relations = 318,850,904, #blocks = 39,014, #triples = 1,464,719,701
2026-04-09 10:20:31.558 - INFO: Registered OSP permutation: #relations = 318,850,904, #blocks = 39,014, #triples = 1,464,719,701
2026-04-09 10:20:31.571 - INFO: Registered SPO permutation: #relations = 234,800,427, #blocks = 31,251, #triples = 1,464,719,701
2026-04-09 10:20:31.583 - INFO: Registered SOP permutation: #relations = 234,800,427, #blocks = 31,251, #triples = 1,464,719,701
2026-04-09 10:20:31.583 - INFO: Reading patterns from file /home/userNoPriv/code/qlever/qlever-indices/dblp/dblp.index.patterns ...
2026-04-09 10:20:31.584 - INFO: Sorting random result tables to estimate the sorting performance of this machine ...
2026-04-09 10:20:38.799 - INFO: Access token for restricted API calls is ""
2026-04-09 10:20:38.799 - INFO: The server is ready, listening for requests on port 7001 ...
2026-04-09 10:20:41.439 - INFO: 
2026-04-09 10:20:41.439 - INFO: Request received via POST, content type "application/sparql-query"
2026-04-09 10:20:41.441 - INFO: Processing the following SPARQL query:
CONSTRUCT { ?s ?p ?o } WHERE { ?s ?p ?o } LIMIT 1000000
2026-04-09 10:20:41.441 - INFO: Requested media types of the result are: "text/tab-separated-values"
2026-04-09 10:20:41.444 - INFO: Query planning done in 4 ms
2026-04-09 10:20:41.450 - INFO: Result has unknown size (not computed yet)
2026-04-09 10:20:45.527 - INFO: Done processing query and sending result, total time was 4,087 ms
