2026-04-09 10:49:34.201 - INFO: [1mQLever server, compiled on Thu Apr  9 09:52:10 AM CEST 2026 using git hash a5e4bf[22m
2026-04-09 10:49:34.201 - INFO: Initializing server ...
2026-04-09 10:49:34.201 - INFO: The git hash used to build this index was "8c99fe"
2026-04-09 10:49:34.201 - INFO: Reading vocabulary from file /home/userNoPriv/code/qlever/qlever-indices/dblp/dblp.vocabulary.words ...
2026-04-09 10:49:34.216 - INFO: Done, number of words: 409,446,926
2026-04-09 10:49:34.216 - INFO: Number of words in internal vocabulary (these are also part of the external vocabulary): 409,457
2026-04-09 10:49:34.235 - INFO: Registered PSO permutation: #relations = 6, #blocks = 7,515, #triples = 234,800,838
2026-04-09 10:49:34.259 - INFO: Registered PSO permutation: #relations = 96, #blocks = 46,913, #triples = 1,464,719,701
2026-04-09 10:49:34.263 - INFO: Registered POS permutation: #relations = 6, #blocks = 7,515, #triples = 234,800,838
2026-04-09 10:49:34.286 - INFO: Registered POS permutation: #relations = 96, #blocks = 46,913, #triples = 1,464,719,701
2026-04-09 10:49:34.306 - INFO: Registered OPS permutation: #relations = 318,850,904, #blocks = 39,014, #triples = 1,464,719,701
2026-04-09 10:49:34.325 - INFO: Registered OSP permutation: #relations = 318,850,904, #blocks = 39,014, #triples = 1,464,719,701
2026-04-09 10:49:34.339 - INFO: Registered SPO permutation: #relations = 234,800,427, #blocks = 31,251, #triples = 1,464,719,701
2026-04-09 10:49:34.350 - INFO: Registered SOP permutation: #relations = 234,800,427, #blocks = 31,251, #triples = 1,464,719,701
2026-04-09 10:49:34.350 - INFO: Reading patterns from file /home/userNoPriv/code/qlever/qlever-indices/dblp/dblp.index.patterns ...
2026-04-09 10:49:34.351 - INFO: Sorting random result tables to estimate the sorting performance of this machine ...
2026-04-09 10:49:41.531 - INFO: Access token for restricted API calls is ""
2026-04-09 10:49:41.531 - INFO: The server is ready, listening for requests on port 7001 ...
2026-04-09 10:49:44.202 - INFO: 
2026-04-09 10:49:44.202 - INFO: Request received via POST, content type "application/sparql-query"
2026-04-09 10:49:44.204 - INFO: Processing the following SPARQL query:
CONSTRUCT { ?s ?p ?o } WHERE { ?s ?p ?o } LIMIT 100000
2026-04-09 10:49:44.204 - INFO: Requested media types of the result are: "text/turtle"
2026-04-09 10:49:44.207 - INFO: Query planning done in 4 ms
2026-04-09 10:49:44.213 - INFO: Result has unknown size (not computed yet)
2026-04-09 10:49:44.909 - INFO: Done processing query and sending result, total time was 706 ms
