2026-04-09 10:49:12.945 - INFO: [1mQLever server, compiled on Thu Apr  9 09:52:10 AM CEST 2026 using git hash a5e4bf[22m
2026-04-09 10:49:12.946 - INFO: Initializing server ...
2026-04-09 10:49:12.946 - INFO: The git hash used to build this index was "8c99fe"
2026-04-09 10:49:12.946 - INFO: Reading vocabulary from file /home/userNoPriv/code/qlever/qlever-indices/dblp/dblp.vocabulary.words ...
2026-04-09 10:49:12.961 - INFO: Done, number of words: 409,446,926
2026-04-09 10:49:12.961 - INFO: Number of words in internal vocabulary (these are also part of the external vocabulary): 409,457
2026-04-09 10:49:12.983 - INFO: Registered PSO permutation: #relations = 6, #blocks = 7,515, #triples = 234,800,838
2026-04-09 10:49:13.007 - INFO: Registered PSO permutation: #relations = 96, #blocks = 46,913, #triples = 1,464,719,701
2026-04-09 10:49:13.011 - INFO: Registered POS permutation: #relations = 6, #blocks = 7,515, #triples = 234,800,838
2026-04-09 10:49:13.036 - INFO: Registered POS permutation: #relations = 96, #blocks = 46,913, #triples = 1,464,719,701
2026-04-09 10:49:13.055 - INFO: Registered OPS permutation: #relations = 318,850,904, #blocks = 39,014, #triples = 1,464,719,701
2026-04-09 10:49:13.074 - INFO: Registered OSP permutation: #relations = 318,850,904, #blocks = 39,014, #triples = 1,464,719,701
2026-04-09 10:49:13.088 - INFO: Registered SPO permutation: #relations = 234,800,427, #blocks = 31,251, #triples = 1,464,719,701
2026-04-09 10:49:13.099 - INFO: Registered SOP permutation: #relations = 234,800,427, #blocks = 31,251, #triples = 1,464,719,701
2026-04-09 10:49:13.099 - INFO: Reading patterns from file /home/userNoPriv/code/qlever/qlever-indices/dblp/dblp.index.patterns ...
2026-04-09 10:49:13.100 - INFO: Sorting random result tables to estimate the sorting performance of this machine ...
2026-04-09 10:49:20.303 - INFO: Access token for restricted API calls is ""
2026-04-09 10:49:20.303 - INFO: The server is ready, listening for requests on port 7001 ...
2026-04-09 10:49:22.947 - INFO: 
2026-04-09 10:49:22.947 - INFO: Request received via POST, content type "application/sparql-query"
2026-04-09 10:49:22.949 - INFO: Processing the following SPARQL query:
CONSTRUCT { ?s ?p ?o } WHERE { ?s ?p ?o } LIMIT 10000
2026-04-09 10:49:22.950 - INFO: Requested media types of the result are: "text/turtle"
2026-04-09 10:49:22.952 - INFO: Query planning done in 5 ms
2026-04-09 10:49:22.958 - INFO: Result has unknown size (not computed yet)
2026-04-09 10:49:23.080 - INFO: Done processing query and sending result, total time was 132 ms
