2026-04-07 20:51:29.016 - INFO: [1mQLever server v0.5.45-35-gaf00534d, compiled on Fri Mar 27 02:21:17 PM CET 2026 using git hash af0053[22m
2026-04-07 20:51:29.017 - INFO: Initializing server ...
2026-04-07 20:51:29.017 - INFO: The git hash used to build this index was "8c99fe"
2026-04-07 20:51:29.017 - INFO: Reading vocabulary from file /home/userNoPriv/code/qlever/qlever-indices/dblp/dblp.vocabulary.words ...
2026-04-07 20:51:29.033 - INFO: Done, number of words: 409,446,926
2026-04-07 20:51:29.033 - INFO: Number of words in internal vocabulary (these are also part of the external vocabulary): 409,457
2026-04-07 20:51:29.055 - INFO: Registered PSO permutation: #relations = 6, #blocks = 7,515, #triples = 234,800,838
2026-04-07 20:51:29.079 - INFO: Registered PSO permutation: #relations = 96, #blocks = 46,913, #triples = 1,464,719,701
2026-04-07 20:51:29.083 - INFO: Registered POS permutation: #relations = 6, #blocks = 7,515, #triples = 234,800,838
2026-04-07 20:51:29.105 - INFO: Registered POS permutation: #relations = 96, #blocks = 46,913, #triples = 1,464,719,701
2026-04-07 20:51:29.125 - INFO: Registered OPS permutation: #relations = 318,850,904, #blocks = 39,014, #triples = 1,464,719,701
2026-04-07 20:51:29.145 - INFO: Registered OSP permutation: #relations = 318,850,904, #blocks = 39,014, #triples = 1,464,719,701
2026-04-07 20:51:29.159 - INFO: Registered SPO permutation: #relations = 234,800,427, #blocks = 31,251, #triples = 1,464,719,701
2026-04-07 20:51:29.175 - INFO: Registered SOP permutation: #relations = 234,800,427, #blocks = 31,251, #triples = 1,464,719,701
2026-04-07 20:51:29.175 - INFO: Reading patterns from file /home/userNoPriv/code/qlever/qlever-indices/dblp/dblp.index.patterns ...
2026-04-07 20:51:29.177 - INFO: Sorting random result tables to estimate the sorting performance of this machine ...
2026-04-07 20:51:36.395 - INFO: Access token for restricted API calls is ""
2026-04-07 20:51:36.395 - INFO: The server is ready, listening for requests on port 7001 ...
2026-04-07 20:51:39.018 - INFO: 
2026-04-07 20:51:39.018 - INFO: Request received via POST, content type "application/sparql-query"
2026-04-07 20:51:39.020 - INFO: Processing the following SPARQL query:
CONSTRUCT { ?s ?p ?o } WHERE { ?s ?p ?o } LIMIT 10000000
2026-04-07 20:51:39.020 - INFO: Requested media types of the result are: "text/turtle"
2026-04-07 20:51:39.020 - INFO: Query planning done in 2 ms
2026-04-07 20:51:39.026 - INFO: Result has unknown size (not computed yet)
2026-04-07 20:52:01.508 - INFO: Done processing query and sending result, total time was 22,490 ms
