2026-04-07 09:59:32.877 - INFO: [1mQLever server v0.5.45-233-g0480d959, compiled on Wed Mar 25 02:37:35 PM CET 2026 using git hash 0480d9[22m
2026-04-07 09:59:32.878 - INFO: Initializing server ...
2026-04-07 09:59:32.878 - INFO: The git hash used to build this index was "8c99fe"
2026-04-07 09:59:32.878 - INFO: Reading vocabulary from file /home/userNoPriv/code/qlever/qlever-indices/dblp/dblp.vocabulary.words ...
2026-04-07 09:59:32.884 - INFO: Done, number of words: 409,446,926
2026-04-07 09:59:32.884 - INFO: Number of words in internal vocabulary (these are also part of the external vocabulary): 409,457
2026-04-07 09:59:32.888 - INFO: Registered PSO permutation: #relations = 6, #blocks = 7,515, #triples = 234,800,838
2026-04-07 09:59:32.905 - INFO: Registered PSO permutation: #relations = 96, #blocks = 46,913, #triples = 1,464,719,701
2026-04-07 09:59:32.907 - INFO: Registered POS permutation: #relations = 6, #blocks = 7,515, #triples = 234,800,838
2026-04-07 09:59:32.924 - INFO: Registered POS permutation: #relations = 96, #blocks = 46,913, #triples = 1,464,719,701
2026-04-07 09:59:32.938 - INFO: Registered OPS permutation: #relations = 318,850,904, #blocks = 39,014, #triples = 1,464,719,701
2026-04-07 09:59:32.952 - INFO: Registered OSP permutation: #relations = 318,850,904, #blocks = 39,014, #triples = 1,464,719,701
2026-04-07 09:59:32.962 - INFO: Registered SPO permutation: #relations = 234,800,427, #blocks = 31,251, #triples = 1,464,719,701
2026-04-07 09:59:32.969 - INFO: Registered SOP permutation: #relations = 234,800,427, #blocks = 31,251, #triples = 1,464,719,701
2026-04-07 09:59:32.969 - INFO: Reading patterns from file /home/userNoPriv/code/qlever/qlever-indices/dblp/dblp.index.patterns ...
2026-04-07 09:59:32.970 - INFO: Sorting random result tables to estimate the sorting performance of this machine ...
2026-04-07 09:59:40.173 - INFO: Access token for restricted API calls is ""
2026-04-07 09:59:40.173 - INFO: The server is ready, listening for requests on port 7001 ...
2026-04-07 09:59:42.879 - INFO: 
2026-04-07 09:59:42.879 - INFO: Request received via POST, content type "application/sparql-query"
2026-04-07 09:59:42.881 - INFO: Processing the following SPARQL query:
CONSTRUCT { ?s ?p ?o } WHERE { ?s ?p ?o } LIMIT 10000000
2026-04-07 09:59:42.881 - INFO: Requested media types of the result are: "text/csv"
2026-04-07 09:59:42.881 - INFO: Query planning done in 2 ms
2026-04-07 09:59:42.887 - INFO: Result has unknown size (not computed yet)
2026-04-07 09:59:49.173 - INFO: Done processing query and sending result, total time was 6,293 ms
