2026-04-07 09:53:50.671 - INFO: [1mQLever server v0.5.45-233-g0480d959, compiled on Wed Mar 25 02:37:35 PM CET 2026 using git hash 0480d9[22m
2026-04-07 09:53:50.672 - INFO: Initializing server ...
2026-04-07 09:53:50.672 - INFO: The git hash used to build this index was "8c99fe"
2026-04-07 09:53:50.672 - INFO: Reading vocabulary from file /home/userNoPriv/code/qlever/qlever-indices/dblp/dblp.vocabulary.words ...
2026-04-07 09:53:50.679 - INFO: Done, number of words: 409,446,926
2026-04-07 09:53:50.679 - INFO: Number of words in internal vocabulary (these are also part of the external vocabulary): 409,457
2026-04-07 09:53:50.683 - INFO: Registered PSO permutation: #relations = 6, #blocks = 7,515, #triples = 234,800,838
2026-04-07 09:53:50.700 - INFO: Registered PSO permutation: #relations = 96, #blocks = 46,913, #triples = 1,464,719,701
2026-04-07 09:53:50.702 - INFO: Registered POS permutation: #relations = 6, #blocks = 7,515, #triples = 234,800,838
2026-04-07 09:53:50.720 - INFO: Registered POS permutation: #relations = 96, #blocks = 46,913, #triples = 1,464,719,701
2026-04-07 09:53:50.734 - INFO: Registered OPS permutation: #relations = 318,850,904, #blocks = 39,014, #triples = 1,464,719,701
2026-04-07 09:53:50.748 - INFO: Registered OSP permutation: #relations = 318,850,904, #blocks = 39,014, #triples = 1,464,719,701
2026-04-07 09:53:50.759 - INFO: Registered SPO permutation: #relations = 234,800,427, #blocks = 31,251, #triples = 1,464,719,701
2026-04-07 09:53:50.766 - INFO: Registered SOP permutation: #relations = 234,800,427, #blocks = 31,251, #triples = 1,464,719,701
2026-04-07 09:53:50.766 - INFO: Reading patterns from file /home/userNoPriv/code/qlever/qlever-indices/dblp/dblp.index.patterns ...
2026-04-07 09:53:50.767 - INFO: Sorting random result tables to estimate the sorting performance of this machine ...
2026-04-07 09:53:57.885 - INFO: Access token for restricted API calls is ""
2026-04-07 09:53:57.885 - INFO: The server is ready, listening for requests on port 7001 ...
2026-04-07 09:54:00.674 - INFO: 
2026-04-07 09:54:00.674 - INFO: Request received via POST, content type "application/sparql-query"
2026-04-07 09:54:00.676 - INFO: Processing the following SPARQL query:
CONSTRUCT { ?s ?p ?o } WHERE { ?s ?p ?o } LIMIT 10000000
2026-04-07 09:54:00.676 - INFO: Requested media types of the result are: "text/tab-separated-values"
2026-04-07 09:54:00.676 - INFO: Query planning done in 2 ms
2026-04-07 09:54:00.682 - INFO: Result has unknown size (not computed yet)
2026-04-07 09:54:06.897 - INFO: Done processing query and sending result, total time was 6,223 ms
