2026-04-07 09:50:17.527 - INFO: [1mQLever server v0.5.45-35-gaf00534d, compiled on Fri Mar 27 02:21:17 PM CET 2026 using git hash af0053[22m
2026-04-07 09:50:17.527 - INFO: Initializing server ...
2026-04-07 09:50:17.528 - INFO: The git hash used to build this index was "8c99fe"
2026-04-07 09:50:17.528 - INFO: Reading vocabulary from file /home/userNoPriv/code/qlever/qlever-indices/dblp/dblp.vocabulary.words ...
2026-04-07 09:50:17.534 - INFO: Done, number of words: 409,446,926
2026-04-07 09:50:17.534 - INFO: Number of words in internal vocabulary (these are also part of the external vocabulary): 409,457
2026-04-07 09:50:17.537 - INFO: Registered PSO permutation: #relations = 6, #blocks = 7,515, #triples = 234,800,838
2026-04-07 09:50:17.555 - INFO: Registered PSO permutation: #relations = 96, #blocks = 46,913, #triples = 1,464,719,701
2026-04-07 09:50:17.556 - INFO: Registered POS permutation: #relations = 6, #blocks = 7,515, #triples = 234,800,838
2026-04-07 09:50:17.573 - INFO: Registered POS permutation: #relations = 96, #blocks = 46,913, #triples = 1,464,719,701
2026-04-07 09:50:17.587 - INFO: Registered OPS permutation: #relations = 318,850,904, #blocks = 39,014, #triples = 1,464,719,701
2026-04-07 09:50:17.601 - INFO: Registered OSP permutation: #relations = 318,850,904, #blocks = 39,014, #triples = 1,464,719,701
2026-04-07 09:50:17.610 - INFO: Registered SPO permutation: #relations = 234,800,427, #blocks = 31,251, #triples = 1,464,719,701
2026-04-07 09:50:17.617 - INFO: Registered SOP permutation: #relations = 234,800,427, #blocks = 31,251, #triples = 1,464,719,701
2026-04-07 09:50:17.617 - INFO: Reading patterns from file /home/userNoPriv/code/qlever/qlever-indices/dblp/dblp.index.patterns ...
2026-04-07 09:50:17.617 - INFO: Sorting random result tables to estimate the sorting performance of this machine ...
2026-04-07 09:50:24.723 - INFO: Access token for restricted API calls is ""
2026-04-07 09:50:24.724 - INFO: The server is ready, listening for requests on port 7001 ...
2026-04-07 09:50:27.529 - INFO: 
2026-04-07 09:50:27.529 - INFO: Request received via POST, content type "application/sparql-query"
2026-04-07 09:50:27.531 - INFO: Processing the following SPARQL query:
CONSTRUCT { ?s ?p ?o } WHERE { ?s ?p ?o } LIMIT 10000000
2026-04-07 09:50:27.531 - INFO: Requested media types of the result are: "text/tab-separated-values"
2026-04-07 09:50:27.531 - INFO: Query planning done in 2 ms
2026-04-07 09:50:27.537 - INFO: Result has unknown size (not computed yet)
2026-04-07 09:50:50.285 - INFO: Done processing query and sending result, total time was 22,756 ms
