2026-04-08 12:27:27.235 - INFO: [1mQLever server v0.5.45-233-g0480d959, compiled on Wed Apr  8 12:05:00 PM CEST 2026 using git hash 0480d9[22m
2026-04-08 12:27:27.239 - INFO: Initializing server ...
2026-04-08 12:27:27.240 - INFO: The git hash used to build this index was "8c99fe"
2026-04-08 12:27:27.240 - INFO: Reading vocabulary from file /home/userNoPriv/code/qlever/qlever-indices/dblp/dblp.vocabulary.words ...
2026-04-08 12:27:27.257 - INFO: Done, number of words: 409,446,926
2026-04-08 12:27:27.257 - INFO: Number of words in internal vocabulary (these are also part of the external vocabulary): 409,457
2026-04-08 12:27:27.286 - INFO: Registered PSO permutation: #relations = 6, #blocks = 7,515, #triples = 234,800,838
2026-04-08 12:27:27.310 - INFO: Registered PSO permutation: #relations = 96, #blocks = 46,913, #triples = 1,464,719,701
2026-04-08 12:27:27.314 - INFO: Registered POS permutation: #relations = 6, #blocks = 7,515, #triples = 234,800,838
2026-04-08 12:27:27.339 - INFO: Registered POS permutation: #relations = 96, #blocks = 46,913, #triples = 1,464,719,701
2026-04-08 12:27:27.359 - INFO: Registered OPS permutation: #relations = 318,850,904, #blocks = 39,014, #triples = 1,464,719,701
2026-04-08 12:27:27.380 - INFO: Registered OSP permutation: #relations = 318,850,904, #blocks = 39,014, #triples = 1,464,719,701
2026-04-08 12:27:27.393 - INFO: Registered SPO permutation: #relations = 234,800,427, #blocks = 31,251, #triples = 1,464,719,701
2026-04-08 12:27:27.406 - INFO: Registered SOP permutation: #relations = 234,800,427, #blocks = 31,251, #triples = 1,464,719,701
2026-04-08 12:27:27.406 - INFO: Reading patterns from file /home/userNoPriv/code/qlever/qlever-indices/dblp/dblp.index.patterns ...
2026-04-08 12:27:27.407 - INFO: Sorting random result tables to estimate the sorting performance of this machine ...
2026-04-08 12:27:35.004 - INFO: Access token for restricted API calls is ""
2026-04-08 12:27:35.004 - INFO: The server is ready, listening for requests on port 7001 ...
2026-04-08 12:27:37.242 - INFO: 
2026-04-08 12:27:37.242 - INFO: Request received via GET, no content type specified
2026-04-08 12:27:37.246 - INFO: Processing the following SPARQL query:
CONSTRUCT { ?s ?p ?o } WHERE { ?s ?p ?o } LIMIT 10000000
2026-04-08 12:27:37.247 - INFO: Requested media types of the result are: 
2026-04-08 12:27:37.247 - INFO: Query planning done in 5 ms
2026-04-08 12:27:37.253 - INFO: Result has unknown size (not computed yet)
2026-04-08 12:27:43.245 - INFO: Done processing query and sending result, total time was 6,003 ms
