2026-04-07 11:05:52.200 - INFO: [1mQLever server v0.5.45-35-gaf00534d, compiled on Fri Mar 27 02:21:17 PM CET 2026 using git hash af0053[22m
2026-04-07 11:05:52.201 - INFO: Initializing server ...
2026-04-07 11:05:52.201 - INFO: The git hash used to build this index was "8c99fe"
2026-04-07 11:05:52.201 - INFO: Reading vocabulary from file /home/userNoPriv/code/qlever/qlever-indices/dblp/dblp.vocabulary.words ...
2026-04-07 11:05:52.208 - INFO: Done, number of words: 409,446,926
2026-04-07 11:05:52.208 - INFO: Number of words in internal vocabulary (these are also part of the external vocabulary): 409,457
2026-04-07 11:05:52.212 - INFO: Registered PSO permutation: #relations = 6, #blocks = 7,515, #triples = 234,800,838
2026-04-07 11:05:52.234 - INFO: Registered PSO permutation: #relations = 96, #blocks = 46,913, #triples = 1,464,719,701
2026-04-07 11:05:52.237 - INFO: Registered POS permutation: #relations = 6, #blocks = 7,515, #triples = 234,800,838
2026-04-07 11:05:52.255 - INFO: Registered POS permutation: #relations = 96, #blocks = 46,913, #triples = 1,464,719,701
2026-04-07 11:05:52.272 - INFO: Registered OPS permutation: #relations = 318,850,904, #blocks = 39,014, #triples = 1,464,719,701
2026-04-07 11:05:52.288 - INFO: Registered OSP permutation: #relations = 318,850,904, #blocks = 39,014, #triples = 1,464,719,701
2026-04-07 11:05:52.298 - INFO: Registered SPO permutation: #relations = 234,800,427, #blocks = 31,251, #triples = 1,464,719,701
2026-04-07 11:05:52.306 - INFO: Registered SOP permutation: #relations = 234,800,427, #blocks = 31,251, #triples = 1,464,719,701
2026-04-07 11:05:52.306 - INFO: Reading patterns from file /home/userNoPriv/code/qlever/qlever-indices/dblp/dblp.index.patterns ...
2026-04-07 11:05:52.307 - INFO: Sorting random result tables to estimate the sorting performance of this machine ...
2026-04-07 11:05:59.604 - INFO: Access token for restricted API calls is ""
2026-04-07 11:05:59.604 - INFO: The server is ready, listening for requests on port 7001 ...
2026-04-07 11:06:02.201 - INFO: 
2026-04-07 11:06:02.201 - INFO: Request received via POST, content type "application/sparql-query"
2026-04-07 11:06:02.203 - INFO: Processing the following SPARQL query:
CONSTRUCT { ?s ?p ?o } WHERE { ?s ?p ?o } LIMIT 1000000
2026-04-07 11:06:02.204 - INFO: Requested media types of the result are: "text/csv"
2026-04-07 11:06:02.204 - INFO: Query planning done in 2 ms
2026-04-07 11:06:02.210 - INFO: Result has unknown size (not computed yet)
2026-04-07 11:06:05.827 - INFO: Done processing query and sending result, total time was 3,626 ms
