2026-04-07 11:06:59.010 - INFO: [1mQLever server v0.5.45-233-g0480d959, compiled on Wed Mar 25 02:37:35 PM CET 2026 using git hash 0480d9[22m
2026-04-07 11:06:59.011 - INFO: Initializing server ...
2026-04-07 11:06:59.011 - INFO: The git hash used to build this index was "8c99fe"
2026-04-07 11:06:59.011 - INFO: Reading vocabulary from file /home/userNoPriv/code/qlever/qlever-indices/dblp/dblp.vocabulary.words ...
2026-04-07 11:06:59.017 - INFO: Done, number of words: 409,446,926
2026-04-07 11:06:59.017 - INFO: Number of words in internal vocabulary (these are also part of the external vocabulary): 409,457
2026-04-07 11:06:59.021 - INFO: Registered PSO permutation: #relations = 6, #blocks = 7,515, #triples = 234,800,838
2026-04-07 11:06:59.039 - INFO: Registered PSO permutation: #relations = 96, #blocks = 46,913, #triples = 1,464,719,701
2026-04-07 11:06:59.041 - INFO: Registered POS permutation: #relations = 6, #blocks = 7,515, #triples = 234,800,838
2026-04-07 11:06:59.058 - INFO: Registered POS permutation: #relations = 96, #blocks = 46,913, #triples = 1,464,719,701
2026-04-07 11:06:59.072 - INFO: Registered OPS permutation: #relations = 318,850,904, #blocks = 39,014, #triples = 1,464,719,701
2026-04-07 11:06:59.086 - INFO: Registered OSP permutation: #relations = 318,850,904, #blocks = 39,014, #triples = 1,464,719,701
2026-04-07 11:06:59.095 - INFO: Registered SPO permutation: #relations = 234,800,427, #blocks = 31,251, #triples = 1,464,719,701
2026-04-07 11:06:59.103 - INFO: Registered SOP permutation: #relations = 234,800,427, #blocks = 31,251, #triples = 1,464,719,701
2026-04-07 11:06:59.103 - INFO: Reading patterns from file /home/userNoPriv/code/qlever/qlever-indices/dblp/dblp.index.patterns ...
2026-04-07 11:06:59.103 - INFO: Sorting random result tables to estimate the sorting performance of this machine ...
2026-04-07 11:07:06.385 - INFO: Access token for restricted API calls is ""
2026-04-07 11:07:06.385 - INFO: The server is ready, listening for requests on port 7001 ...
2026-04-07 11:07:09.012 - INFO: 
2026-04-07 11:07:09.012 - INFO: Request received via POST, content type "application/sparql-query"
2026-04-07 11:07:09.014 - INFO: Processing the following SPARQL query:
CONSTRUCT { ?s ?p ?o } WHERE { ?s ?p ?o } LIMIT 1000000
2026-04-07 11:07:09.014 - INFO: Requested media types of the result are: "text/csv"
2026-04-07 11:07:09.015 - INFO: Query planning done in 2 ms
2026-04-07 11:07:09.021 - INFO: Result has unknown size (not computed yet)
2026-04-07 11:07:10.300 - INFO: Done processing query and sending result, total time was 1,287 ms
