2026-04-07 11:20:41.232 - INFO: [1mQLever server v0.5.45-233-g0480d959, compiled on Wed Mar 25 02:37:35 PM CET 2026 using git hash 0480d9[22m
2026-04-07 11:20:41.233 - INFO: Initializing server ...
2026-04-07 11:20:41.233 - INFO: The git hash used to build this index was "8c99fe"
2026-04-07 11:20:41.233 - INFO: Reading vocabulary from file /home/userNoPriv/code/qlever/qlever-indices/dblp/dblp.vocabulary.words ...
2026-04-07 11:20:41.240 - INFO: Done, number of words: 409,446,926
2026-04-07 11:20:41.240 - INFO: Number of words in internal vocabulary (these are also part of the external vocabulary): 409,457
2026-04-07 11:20:41.243 - INFO: Registered PSO permutation: #relations = 6, #blocks = 7,515, #triples = 234,800,838
2026-04-07 11:20:41.261 - INFO: Registered PSO permutation: #relations = 96, #blocks = 46,913, #triples = 1,464,719,701
2026-04-07 11:20:41.263 - INFO: Registered POS permutation: #relations = 6, #blocks = 7,515, #triples = 234,800,838
2026-04-07 11:20:41.281 - INFO: Registered POS permutation: #relations = 96, #blocks = 46,913, #triples = 1,464,719,701
2026-04-07 11:20:41.295 - INFO: Registered OPS permutation: #relations = 318,850,904, #blocks = 39,014, #triples = 1,464,719,701
2026-04-07 11:20:41.309 - INFO: Registered OSP permutation: #relations = 318,850,904, #blocks = 39,014, #triples = 1,464,719,701
2026-04-07 11:20:41.319 - INFO: Registered SPO permutation: #relations = 234,800,427, #blocks = 31,251, #triples = 1,464,719,701
2026-04-07 11:20:41.327 - INFO: Registered SOP permutation: #relations = 234,800,427, #blocks = 31,251, #triples = 1,464,719,701
2026-04-07 11:20:41.327 - INFO: Reading patterns from file /home/userNoPriv/code/qlever/qlever-indices/dblp/dblp.index.patterns ...
2026-04-07 11:20:41.327 - INFO: Sorting random result tables to estimate the sorting performance of this machine ...
2026-04-07 11:20:48.516 - INFO: Access token for restricted API calls is ""
2026-04-07 11:20:48.516 - INFO: The server is ready, listening for requests on port 7001 ...
2026-04-07 11:20:51.234 - INFO: 
2026-04-07 11:20:51.234 - INFO: Request received via POST, content type "application/sparql-query"
2026-04-07 11:20:51.236 - INFO: Processing the following SPARQL query:
CONSTRUCT { ?s ?p ?o } WHERE { ?s ?p ?o } LIMIT 100000
2026-04-07 11:20:51.236 - INFO: Requested media types of the result are: "application/qlever-results+json"
2026-04-07 11:20:51.237 - INFO: Query planning done in 2 ms
2026-04-07 11:20:51.242 - INFO: Result has unknown size (not computed yet)
2026-04-07 11:20:51.431 - INFO: Done processing query and sending result, total time was 196 ms
