2026-04-07 11:37:42.630 - INFO: [1mQLever server v0.5.45-233-g0480d959, compiled on Wed Mar 25 02:37:35 PM CET 2026 using git hash 0480d9[22m
2026-04-07 11:37:42.630 - INFO: Initializing server ...
2026-04-07 11:37:42.630 - INFO: The git hash used to build this index was "8c99fe"
2026-04-07 11:37:42.630 - INFO: Reading vocabulary from file /home/userNoPriv/code/qlever/qlever-indices/dblp/dblp.vocabulary.words ...
2026-04-07 11:37:42.637 - INFO: Done, number of words: 409,446,926
2026-04-07 11:37:42.637 - INFO: Number of words in internal vocabulary (these are also part of the external vocabulary): 409,457
2026-04-07 11:37:42.644 - INFO: Registered PSO permutation: #relations = 6, #blocks = 7,515, #triples = 234,800,838
2026-04-07 11:37:42.665 - INFO: Registered PSO permutation: #relations = 96, #blocks = 46,913, #triples = 1,464,719,701
2026-04-07 11:37:42.668 - INFO: Registered POS permutation: #relations = 6, #blocks = 7,515, #triples = 234,800,838
2026-04-07 11:37:42.688 - INFO: Registered POS permutation: #relations = 96, #blocks = 46,913, #triples = 1,464,719,701
2026-04-07 11:37:42.702 - INFO: Registered OPS permutation: #relations = 318,850,904, #blocks = 39,014, #triples = 1,464,719,701
2026-04-07 11:37:42.716 - INFO: Registered OSP permutation: #relations = 318,850,904, #blocks = 39,014, #triples = 1,464,719,701
2026-04-07 11:37:42.726 - INFO: Registered SPO permutation: #relations = 234,800,427, #blocks = 31,251, #triples = 1,464,719,701
2026-04-07 11:37:42.733 - INFO: Registered SOP permutation: #relations = 234,800,427, #blocks = 31,251, #triples = 1,464,719,701
2026-04-07 11:37:42.733 - INFO: Reading patterns from file /home/userNoPriv/code/qlever/qlever-indices/dblp/dblp.index.patterns ...
2026-04-07 11:37:42.734 - INFO: Sorting random result tables to estimate the sorting performance of this machine ...
2026-04-07 11:37:49.900 - INFO: Access token for restricted API calls is ""
2026-04-07 11:37:49.900 - INFO: The server is ready, listening for requests on port 7001 ...
2026-04-07 11:37:52.632 - INFO: 
2026-04-07 11:37:52.632 - INFO: Request received via POST, content type "application/sparql-query"
2026-04-07 11:37:52.634 - INFO: Processing the following SPARQL query:
CONSTRUCT { ?s ?p ?o } WHERE { ?s ?p ?o } LIMIT 100000
2026-04-07 11:37:52.634 - INFO: Requested media types of the result are: "text/turtle"
2026-04-07 11:37:52.635 - INFO: Query planning done in 2 ms
2026-04-07 11:37:52.640 - INFO: Result has unknown size (not computed yet)
2026-04-07 11:37:52.772 - INFO: Done processing query and sending result, total time was 139 ms
