2026-04-07 11:41:38.553 - INFO: [1mQLever server v0.5.45-35-gaf00534d, compiled on Fri Mar 27 02:21:17 PM CET 2026 using git hash af0053[22m
2026-04-07 11:41:38.554 - INFO: Initializing server ...
2026-04-07 11:41:38.554 - INFO: The git hash used to build this index was "8c99fe"
2026-04-07 11:41:38.554 - INFO: Reading vocabulary from file /home/userNoPriv/code/qlever/qlever-indices/dblp/dblp.vocabulary.words ...
2026-04-07 11:41:38.561 - INFO: Done, number of words: 409,446,926
2026-04-07 11:41:38.561 - INFO: Number of words in internal vocabulary (these are also part of the external vocabulary): 409,457
2026-04-07 11:41:38.564 - INFO: Registered PSO permutation: #relations = 6, #blocks = 7,515, #triples = 234,800,838
2026-04-07 11:41:38.581 - INFO: Registered PSO permutation: #relations = 96, #blocks = 46,913, #triples = 1,464,719,701
2026-04-07 11:41:38.583 - INFO: Registered POS permutation: #relations = 6, #blocks = 7,515, #triples = 234,800,838
2026-04-07 11:41:38.600 - INFO: Registered POS permutation: #relations = 96, #blocks = 46,913, #triples = 1,464,719,701
2026-04-07 11:41:38.614 - INFO: Registered OPS permutation: #relations = 318,850,904, #blocks = 39,014, #triples = 1,464,719,701
2026-04-07 11:41:38.627 - INFO: Registered OSP permutation: #relations = 318,850,904, #blocks = 39,014, #triples = 1,464,719,701
2026-04-07 11:41:38.637 - INFO: Registered SPO permutation: #relations = 234,800,427, #blocks = 31,251, #triples = 1,464,719,701
2026-04-07 11:41:38.644 - INFO: Registered SOP permutation: #relations = 234,800,427, #blocks = 31,251, #triples = 1,464,719,701
2026-04-07 11:41:38.644 - INFO: Reading patterns from file /home/userNoPriv/code/qlever/qlever-indices/dblp/dblp.index.patterns ...
2026-04-07 11:41:38.645 - INFO: Sorting random result tables to estimate the sorting performance of this machine ...
2026-04-07 11:41:45.918 - INFO: Access token for restricted API calls is ""
2026-04-07 11:41:45.918 - INFO: The server is ready, listening for requests on port 7001 ...
2026-04-07 11:41:48.555 - INFO: 
2026-04-07 11:41:48.555 - INFO: Request received via POST, content type "application/sparql-query"
2026-04-07 11:41:48.557 - INFO: Processing the following SPARQL query:
CONSTRUCT { ?s ?p ?o } WHERE { ?s ?p ?o } LIMIT 10000000
2026-04-07 11:41:48.557 - INFO: Requested media types of the result are: "text/turtle"
2026-04-07 11:41:48.558 - INFO: Query planning done in 2 ms
2026-04-07 11:41:48.564 - INFO: Result has unknown size (not computed yet)
2026-04-07 11:42:10.749 - INFO: Done processing query and sending result, total time was 22,194 ms
