2026-04-07 11:34:56.991 - INFO: [1mQLever server v0.5.45-233-g0480d959, compiled on Wed Mar 25 02:37:35 PM CET 2026 using git hash 0480d9[22m
2026-04-07 11:34:56.991 - INFO: Initializing server ...
2026-04-07 11:34:56.991 - INFO: The git hash used to build this index was "8c99fe"
2026-04-07 11:34:56.992 - INFO: Reading vocabulary from file /home/userNoPriv/code/qlever/qlever-indices/dblp/dblp.vocabulary.words ...
2026-04-07 11:34:56.998 - INFO: Done, number of words: 409,446,926
2026-04-07 11:34:56.998 - INFO: Number of words in internal vocabulary (these are also part of the external vocabulary): 409,457
2026-04-07 11:34:57.001 - INFO: Registered PSO permutation: #relations = 6, #blocks = 7,515, #triples = 234,800,838
2026-04-07 11:34:57.018 - INFO: Registered PSO permutation: #relations = 96, #blocks = 46,913, #triples = 1,464,719,701
2026-04-07 11:34:57.020 - INFO: Registered POS permutation: #relations = 6, #blocks = 7,515, #triples = 234,800,838
2026-04-07 11:34:57.037 - INFO: Registered POS permutation: #relations = 96, #blocks = 46,913, #triples = 1,464,719,701
2026-04-07 11:34:57.051 - INFO: Registered OPS permutation: #relations = 318,850,904, #blocks = 39,014, #triples = 1,464,719,701
2026-04-07 11:34:57.065 - INFO: Registered OSP permutation: #relations = 318,850,904, #blocks = 39,014, #triples = 1,464,719,701
2026-04-07 11:34:57.074 - INFO: Registered SPO permutation: #relations = 234,800,427, #blocks = 31,251, #triples = 1,464,719,701
2026-04-07 11:34:57.081 - INFO: Registered SOP permutation: #relations = 234,800,427, #blocks = 31,251, #triples = 1,464,719,701
2026-04-07 11:34:57.081 - INFO: Reading patterns from file /home/userNoPriv/code/qlever/qlever-indices/dblp/dblp.index.patterns ...
2026-04-07 11:34:57.081 - INFO: Sorting random result tables to estimate the sorting performance of this machine ...
2026-04-07 11:35:04.236 - INFO: Access token for restricted API calls is ""
2026-04-07 11:35:04.236 - INFO: The server is ready, listening for requests on port 7001 ...
2026-04-07 11:35:06.993 - INFO: 
2026-04-07 11:35:06.993 - INFO: Request received via POST, content type "application/sparql-query"
2026-04-07 11:35:06.995 - INFO: Processing the following SPARQL query:
CONSTRUCT { ?s ?p ?o } WHERE { ?s ?p ?o } LIMIT 10000
2026-04-07 11:35:06.996 - INFO: Requested media types of the result are: "text/turtle"
2026-04-07 11:35:06.996 - INFO: Query planning done in 2 ms
2026-04-07 11:35:07.002 - INFO: Result has unknown size (not computed yet)
2026-04-07 11:35:07.019 - INFO: Done processing query and sending result, total time was 25 ms
